f:\my desktop\fyc_sdk\imagemethod\release_unicode\vc71.pdb
f:\my desktop\fyc_sdk\imagemethod\release_unicode\stdafx.obj
f:\my desktop\fyc_sdk\imagemethod\release_unicode\ycimage.obj
f:\my desktop\fyc_sdk\imagemethod\release_unicode\pngimage.obj
f:\my desktop\fyc_sdk\imagemethod\release_unicode\bitimage.obj
f:\my desktop\fyc_sdk\库文件\unicode\ycimage.lib
f:\my desktop\fyc_sdk\库文件\unicode\ycimage.exp
f:\my desktop\fyc_sdk\运行\release\unicode\ycimage.dll
f:\my desktop\fyc_sdk\imagemethod\release_unicode\ycimage.pdb
f:\my desktop\fyc_sdk\imagemethod\release_unicode\ycimage.res
f:\my desktop\fyc_sdk\imagemethod\release_unicode\cl.command.1.tlog
f:\my desktop\fyc_sdk\imagemethod\release_unicode\cl.read.1.tlog
f:\my desktop\fyc_sdk\imagemethod\release_unicode\cl.write.1.tlog
f:\my desktop\fyc_sdk\imagemethod\release_unicode\imagemethod.write.1.tlog
f:\my desktop\fyc_sdk\imagemethod\release_unicode\link-cvtres.read.1.tlog
f:\my desktop\fyc_sdk\imagemethod\release_unicode\link-cvtres.write.1.tlog
f:\my desktop\fyc_sdk\imagemethod\release_unicode\link.10188-cvtres.read.1.tlog
f:\my desktop\fyc_sdk\imagemethod\release_unicode\link.10188-cvtres.write.1.tlog
f:\my desktop\fyc_sdk\imagemethod\release_unicode\link.10188.read.1.tlog
f:\my desktop\fyc_sdk\imagemethod\release_unicode\link.10188.write.1.tlog
f:\my desktop\fyc_sdk\imagemethod\release_unicode\link.10316-cvtres.read.1.tlog
f:\my desktop\fyc_sdk\imagemethod\release_unicode\link.10316-cvtres.write.1.tlog
f:\my desktop\fyc_sdk\imagemethod\release_unicode\link.10316.read.1.tlog
f:\my desktop\fyc_sdk\imagemethod\release_unicode\link.10316.write.1.tlog
f:\my desktop\fyc_sdk\imagemethod\release_unicode\link.2404-cvtres.read.1.tlog
f:\my desktop\fyc_sdk\imagemethod\release_unicode\link.2404-cvtres.write.1.tlog
f:\my desktop\fyc_sdk\imagemethod\release_unicode\link.2404.read.1.tlog
f:\my desktop\fyc_sdk\imagemethod\release_unicode\link.2404.write.1.tlog
f:\my desktop\fyc_sdk\imagemethod\release_unicode\link.7996-cvtres.read.1.tlog
f:\my desktop\fyc_sdk\imagemethod\release_unicode\link.7996-cvtres.write.1.tlog
f:\my desktop\fyc_sdk\imagemethod\release_unicode\link.7996.read.1.tlog
f:\my desktop\fyc_sdk\imagemethod\release_unicode\link.7996.write.1.tlog
f:\my desktop\fyc_sdk\imagemethod\release_unicode\link.8240-cvtres.read.1.tlog
f:\my desktop\fyc_sdk\imagemethod\release_unicode\link.8240-cvtres.write.1.tlog
f:\my desktop\fyc_sdk\imagemethod\release_unicode\link.8240.read.1.tlog
f:\my desktop\fyc_sdk\imagemethod\release_unicode\link.8240.write.1.tlog
f:\my desktop\fyc_sdk\imagemethod\release_unicode\link.command.1.tlog
f:\my desktop\fyc_sdk\imagemethod\release_unicode\link.read.1.tlog
f:\my desktop\fyc_sdk\imagemethod\release_unicode\link.write.1.tlog
f:\my desktop\fyc_sdk\imagemethod\release_unicode\rc.command.1.tlog
f:\my desktop\fyc_sdk\imagemethod\release_unicode\rc.read.1.tlog
f:\my desktop\fyc_sdk\imagemethod\release_unicode\rc.write.1.tlog
f:\my desktop\fyc_sdk\imagemethod\release_unicode\ycimage.pch
