f:\my desktop\fyc_sdk\commonmodul\release\commonmodul.pch
f:\my desktop\fyc_sdk\commonmodul\release\dailylog.obj
f:\my desktop\fyc_sdk\commonmodul\release\inifileio.obj
f:\my desktop\fyc_sdk\commonmodul\release\rsa.obj
f:\my desktop\fyc_sdk\commonmodul\release\stdafx.obj
f:\my desktop\fyc_sdk\库文件\unicode\commonmodul.lib
f:\my desktop\fyc_sdk\库文件\unicode\commonmodul.exp
f:\my desktop\fyc_sdk\运行\release\unicode\commonmodul.dll
f:\my desktop\fyc_sdk\sdksln\release\commonmodul.pdb
f:\my desktop\fyc_sdk\commonmodul\release\commonmodul.res
f:\my desktop\fyc_sdk\commonmodul\release\cl.command.1.tlog
f:\my desktop\fyc_sdk\commonmodul\release\cl.read.1.tlog
f:\my desktop\fyc_sdk\commonmodul\release\cl.write.1.tlog
f:\my desktop\fyc_sdk\commonmodul\release\commonmodul.write.1.tlog
f:\my desktop\fyc_sdk\commonmodul\release\link-cvtres.read.1.tlog
f:\my desktop\fyc_sdk\commonmodul\release\link-cvtres.write.1.tlog
f:\my desktop\fyc_sdk\commonmodul\release\link.868-cvtres.read.1.tlog
f:\my desktop\fyc_sdk\commonmodul\release\link.868-cvtres.write.1.tlog
f:\my desktop\fyc_sdk\commonmodul\release\link.868.read.1.tlog
f:\my desktop\fyc_sdk\commonmodul\release\link.868.write.1.tlog
f:\my desktop\fyc_sdk\commonmodul\release\link.command.1.tlog
f:\my desktop\fyc_sdk\commonmodul\release\link.read.1.tlog
f:\my desktop\fyc_sdk\commonmodul\release\link.write.1.tlog
f:\my desktop\fyc_sdk\commonmodul\release\rc.command.1.tlog
f:\my desktop\fyc_sdk\commonmodul\release\rc.read.1.tlog
f:\my desktop\fyc_sdk\commonmodul\release\rc.write.1.tlog
