f:\my desktop\fyc_sdk\networkservice\release\networkservice.pch
f:\my desktop\fyc_sdk\networkservice\release\stdafx.obj
f:\my desktop\fyc_sdk\networkservice\release\tcpsocket.obj
f:\my desktop\fyc_sdk\运行\release\unicode\networkservice.dll
f:\my desktop\fyc_sdk\sdksln\release\networkservice.pdb
f:\my desktop\fyc_sdk\库文件\unicode\networkservice.lib
f:\my desktop\fyc_sdk\库文件\unicode\networkservice.exp
f:\my desktop\fyc_sdk\networkservice\release\networkservice.res
f:\my desktop\fyc_sdk\networkservice\release\cl.command.1.tlog
f:\my desktop\fyc_sdk\networkservice\release\cl.read.1.tlog
f:\my desktop\fyc_sdk\networkservice\release\cl.write.1.tlog
f:\my desktop\fyc_sdk\networkservice\release\link-cvtres.read.1.tlog
f:\my desktop\fyc_sdk\networkservice\release\link-cvtres.write.1.tlog
f:\my desktop\fyc_sdk\networkservice\release\link.10188-cvtres.read.1.tlog
f:\my desktop\fyc_sdk\networkservice\release\link.10188-cvtres.write.1.tlog
f:\my desktop\fyc_sdk\networkservice\release\link.10188.read.1.tlog
f:\my desktop\fyc_sdk\networkservice\release\link.10188.write.1.tlog
f:\my desktop\fyc_sdk\networkservice\release\link.10456-cvtres.read.1.tlog
f:\my desktop\fyc_sdk\networkservice\release\link.10456-cvtres.write.1.tlog
f:\my desktop\fyc_sdk\networkservice\release\link.10456.read.1.tlog
f:\my desktop\fyc_sdk\networkservice\release\link.10456.write.1.tlog
f:\my desktop\fyc_sdk\networkservice\release\link.8812-cvtres.read.1.tlog
f:\my desktop\fyc_sdk\networkservice\release\link.8812-cvtres.write.1.tlog
f:\my desktop\fyc_sdk\networkservice\release\link.8812.read.1.tlog
f:\my desktop\fyc_sdk\networkservice\release\link.8812.write.1.tlog
f:\my desktop\fyc_sdk\networkservice\release\link.command.1.tlog
f:\my desktop\fyc_sdk\networkservice\release\link.read.1.tlog
f:\my desktop\fyc_sdk\networkservice\release\link.write.1.tlog
f:\my desktop\fyc_sdk\networkservice\release\networkservice.write.1.tlog
f:\my desktop\fyc_sdk\networkservice\release\rc.command.1.tlog
f:\my desktop\fyc_sdk\networkservice\release\rc.read.1.tlog
f:\my desktop\fyc_sdk\networkservice\release\rc.write.1.tlog
