d:\my desktop\fyc_sdk\project\httpdownloader\httpdownloader\release\stdafx.obj
d:\my desktop\fyc_sdk\project\httpdownloader\httpdownloader\release\task.obj
d:\my desktop\fyc_sdk\project\httpdownloader\httpdownloader\release\httpdownloaderwnd.obj
d:\my desktop\fyc_sdk\project\httpdownloader\httpdownloader\release\httpdownloaderapp.obj
d:\my desktop\fyc_sdk\运行\release\unicode\httpdownloader.exe
d:\my desktop\fyc_sdk\sdksln\release\httpdownloader.pdb
d:\my desktop\fyc_sdk\project\httpdownloader\httpdownloader\release\httpdownloader.res
f:\my desktop\fyc_sdk\project\httpdownloader\httpdownloader\release\httpdownloaderapp.obj
f:\my desktop\fyc_sdk\project\httpdownloader\httpdownloader\release\httpdownloaderwnd.obj
f:\my desktop\fyc_sdk\project\httpdownloader\httpdownloader\release\stdafx.obj
f:\my desktop\fyc_sdk\project\httpdownloader\httpdownloader\release\task.obj
f:\my desktop\fyc_sdk\project\httpdownloader\httpdownloader\release\cl.command.1.tlog
f:\my desktop\fyc_sdk\project\httpdownloader\httpdownloader\release\cl.read.1.tlog
f:\my desktop\fyc_sdk\project\httpdownloader\httpdownloader\release\cl.write.1.tlog
f:\my desktop\fyc_sdk\project\httpdownloader\httpdownloader\release\link-cvtres.read.1.tlog
f:\my desktop\fyc_sdk\project\httpdownloader\httpdownloader\release\link-cvtres.write.1.tlog
f:\my desktop\fyc_sdk\project\httpdownloader\httpdownloader\release\link.command.1.tlog
f:\my desktop\fyc_sdk\project\httpdownloader\httpdownloader\release\link.read.1.tlog
f:\my desktop\fyc_sdk\project\httpdownloader\httpdownloader\release\link.write.1.tlog
f:\my desktop\fyc_sdk\project\httpdownloader\httpdownloader\release\rc.command.1.tlog
f:\my desktop\fyc_sdk\project\httpdownloader\httpdownloader\release\rc.read.1.tlog
f:\my desktop\fyc_sdk\project\httpdownloader\httpdownloader\release\rc.write.1.tlog
f:\my desktop\fyc_sdk\project\httpdownloader\httpdownloader\release\httpdownloader.res
f:\my desktop\fyc_sdk\sdksln\release\httpdownloader.pdb
