生成启动时间为 2017/6/11 2:43:41。
     1>项目“F:\my desktop\FYC_SDK\CxImage\mng\mng.vcxproj”在节点 4 上(Build 个目标)。
     1>ClCompile:
         C:\Program Files (x86)\Microsoft Visual Studio 12.0\VC\bin\CL.exe /c /Zi /nologo /W3 /WX- /O2 /Oy- /D WIN32 /D NDEBUG /D _WINDOWS /D MNG_SUPPORT_DISPLAY /D MNG_SUPPORT_READ /D MNG_SUPPORT_WRITE /D MNG_ACCESS_CHUNKS /D MNG_STORE_CHUNKS /D UNICODE /D _CRT_SECURE_NO_DEPRECATE /D MNG_ERROR_TELLTALE /D _VC80_UPGRADE=0x0600 /D _UNICODE /D UNICODE /D _AFXDLL /GF /Gm- /EHsc /MD /GS- /Gy /fp:precise /Zc:wchar_t /Zc:forScope /Fo".\Unicode_Release\\" /Fd".\Unicode_Release\vc120.pdb" /Gd /TC /analyze- /errorReport:prompt libmng_callback_xs.c libmng_chunk_descr.c libmng_chunk_io.c libmng_chunk_prc.c libmng_chunk_xs.c libmng_cms.c libmng_display.c libmng_dither.c libmng_error.c libmng_filter.c libmng_hlapi.c libmng_jpeg.c libmng_object_prc.c libmng_pixels.c libmng_prop_xs.c libmng_read.c libmng_trace.c libmng_write.c libmng_zlib.c
         libmng_callback_xs.c
         libmng_chunk_descr.c
         libmng_chunk_io.c
         libmng_chunk_prc.c
         libmng_chunk_xs.c
         libmng_cms.c
         libmng_display.c
         libmng_dither.c
         libmng_error.c
         libmng_filter.c
         libmng_hlapi.c
         libmng_jpeg.c
         libmng_object_prc.c
         libmng_pixels.c
         libmng_prop_xs.c
         libmng_read.c
         libmng_trace.c
         libmng_write.c
         libmng_zlib.c
         正在生成代码...
     1>C:\Program Files (x86)\MSBuild\Microsoft.Cpp\v4.0\V120\Microsoft.CppBuild.targets(1354,5): warning MSB8012: TargetPath(F:\my desktop\FYC_SDK\CxImage\mng\.\Unicode_Release\mng.lib) does not match the Library's OutputFile property value (F:\my desktop\FYC_SDK\CxImage\lib\mng.lib). This may cause your project to build incorrectly. To correct this, please make sure that $(OutDir), $(TargetName) and $(TargetExt) property values match the value specified in %(Lib.OutputFile).
       Lib:
         C:\Program Files (x86)\Microsoft Visual Studio 12.0\VC\bin\Lib.exe /OUT:"..\lib\mng.lib" /NOLOGO .\Unicode_Release\libmng_callback_xs.obj
         .\Unicode_Release\libmng_chunk_descr.obj
         .\Unicode_Release\libmng_chunk_io.obj
         .\Unicode_Release\libmng_chunk_prc.obj
         .\Unicode_Release\libmng_chunk_xs.obj
         .\Unicode_Release\libmng_cms.obj
         .\Unicode_Release\libmng_display.obj
         .\Unicode_Release\libmng_dither.obj
         .\Unicode_Release\libmng_error.obj
         .\Unicode_Release\libmng_filter.obj
         .\Unicode_Release\libmng_hlapi.obj
         .\Unicode_Release\libmng_jpeg.obj
         .\Unicode_Release\libmng_object_prc.obj
         .\Unicode_Release\libmng_pixels.obj
         .\Unicode_Release\libmng_prop_xs.obj
         .\Unicode_Release\libmng_read.obj
         .\Unicode_Release\libmng_trace.obj
         .\Unicode_Release\libmng_write.obj
         .\Unicode_Release\libmng_zlib.obj
         mng.vcxproj -> F:\my desktop\FYC_SDK\CxImage\mng\.\Unicode_Release\mng.lib
     1>已完成生成项目“F:\my desktop\FYC_SDK\CxImage\mng\mng.vcxproj”(Build 个目标)的操作。

生成成功。

已用时间 00:00:06.35
