d:\my desktop\fyc_sdk\cximage\mng\unicode_release\vc120.pdb
d:\my desktop\fyc_sdk\cximage\mng\unicode_release\libmng_zlib.obj
d:\my desktop\fyc_sdk\cximage\mng\unicode_release\libmng_write.obj
d:\my desktop\fyc_sdk\cximage\mng\unicode_release\libmng_trace.obj
d:\my desktop\fyc_sdk\cximage\mng\unicode_release\libmng_read.obj
d:\my desktop\fyc_sdk\cximage\mng\unicode_release\libmng_prop_xs.obj
d:\my desktop\fyc_sdk\cximage\mng\unicode_release\libmng_pixels.obj
d:\my desktop\fyc_sdk\cximage\mng\unicode_release\libmng_object_prc.obj
d:\my desktop\fyc_sdk\cximage\mng\unicode_release\libmng_jpeg.obj
d:\my desktop\fyc_sdk\cximage\mng\unicode_release\libmng_hlapi.obj
d:\my desktop\fyc_sdk\cximage\mng\unicode_release\libmng_filter.obj
d:\my desktop\fyc_sdk\cximage\mng\unicode_release\libmng_error.obj
d:\my desktop\fyc_sdk\cximage\mng\unicode_release\libmng_dither.obj
d:\my desktop\fyc_sdk\cximage\mng\unicode_release\libmng_display.obj
d:\my desktop\fyc_sdk\cximage\mng\unicode_release\libmng_cms.obj
d:\my desktop\fyc_sdk\cximage\mng\unicode_release\libmng_chunk_xs.obj
d:\my desktop\fyc_sdk\cximage\mng\unicode_release\libmng_chunk_prc.obj
d:\my desktop\fyc_sdk\cximage\mng\unicode_release\libmng_chunk_io.obj
d:\my desktop\fyc_sdk\cximage\mng\unicode_release\libmng_chunk_descr.obj
d:\my desktop\fyc_sdk\cximage\mng\unicode_release\libmng_callback_xs.obj
d:\my desktop\fyc_sdk\cximage\lib\mng.lib
f:\my desktop\fyc_sdk\cximage\mng\unicode_release\libmng_callback_xs.obj
f:\my desktop\fyc_sdk\cximage\mng\unicode_release\libmng_chunk_descr.obj
f:\my desktop\fyc_sdk\cximage\mng\unicode_release\libmng_chunk_io.obj
f:\my desktop\fyc_sdk\cximage\mng\unicode_release\libmng_chunk_prc.obj
f:\my desktop\fyc_sdk\cximage\mng\unicode_release\libmng_chunk_xs.obj
f:\my desktop\fyc_sdk\cximage\mng\unicode_release\libmng_cms.obj
f:\my desktop\fyc_sdk\cximage\mng\unicode_release\libmng_display.obj
f:\my desktop\fyc_sdk\cximage\mng\unicode_release\libmng_dither.obj
f:\my desktop\fyc_sdk\cximage\mng\unicode_release\libmng_error.obj
f:\my desktop\fyc_sdk\cximage\mng\unicode_release\libmng_filter.obj
f:\my desktop\fyc_sdk\cximage\mng\unicode_release\libmng_hlapi.obj
f:\my desktop\fyc_sdk\cximage\mng\unicode_release\libmng_jpeg.obj
f:\my desktop\fyc_sdk\cximage\mng\unicode_release\libmng_object_prc.obj
f:\my desktop\fyc_sdk\cximage\mng\unicode_release\libmng_pixels.obj
f:\my desktop\fyc_sdk\cximage\mng\unicode_release\libmng_prop_xs.obj
f:\my desktop\fyc_sdk\cximage\mng\unicode_release\libmng_read.obj
f:\my desktop\fyc_sdk\cximage\mng\unicode_release\libmng_trace.obj
f:\my desktop\fyc_sdk\cximage\mng\unicode_release\libmng_write.obj
f:\my desktop\fyc_sdk\cximage\mng\unicode_release\libmng_zlib.obj
f:\my desktop\fyc_sdk\cximage\mng\unicode_release\vc120.pdb
f:\my desktop\fyc_sdk\cximage\mng\unicode_release\mng.tlog\cl.command.1.tlog
f:\my desktop\fyc_sdk\cximage\mng\unicode_release\mng.tlog\cl.read.1.tlog
f:\my desktop\fyc_sdk\cximage\mng\unicode_release\mng.tlog\cl.write.1.tlog
f:\my desktop\fyc_sdk\cximage\mng\unicode_release\mng.tlog\lib-link.read.1.tlog
f:\my desktop\fyc_sdk\cximage\mng\unicode_release\mng.tlog\lib-link.write.1.tlog
f:\my desktop\fyc_sdk\cximage\mng\unicode_release\mng.tlog\lib.command.1.tlog
