f:\my desktop\fyc_sdk\imagemethod\release_unicode_vs2013\ycimage.pch
f:\my desktop\fyc_sdk\imagemethod\release_unicode_vs2013\vc120.pdb
f:\my desktop\fyc_sdk\imagemethod\release_unicode_vs2013\stdafx.obj
f:\my desktop\fyc_sdk\imagemethod\release_unicode_vs2013\ycimage.obj
f:\my desktop\fyc_sdk\imagemethod\release_unicode_vs2013\pngimage.obj
f:\my desktop\fyc_sdk\imagemethod\release_unicode_vs2013\bitimage.obj
f:\my desktop\fyc_sdk\库文件\unicode\ycimage.lib
f:\my desktop\fyc_sdk\库文件\unicode\ycimage.exp
f:\my desktop\fyc_sdk\运行\release\unicode\ycimage.dll
f:\my desktop\fyc_sdk\imagemethod\release_unicode_vs2013\ycimage.pdb
f:\my desktop\fyc_sdk\imagemethod\release_unicode_vs2013\ycimage.res
f:\my desktop\fyc_sdk\imagemethod\release_unicode_vs2013\imagemethod.tlog\cl.command.1.tlog
f:\my desktop\fyc_sdk\imagemethod\release_unicode_vs2013\imagemethod.tlog\cl.read.1.tlog
f:\my desktop\fyc_sdk\imagemethod\release_unicode_vs2013\imagemethod.tlog\cl.write.1.tlog
f:\my desktop\fyc_sdk\imagemethod\release_unicode_vs2013\imagemethod.tlog\imagemethod.write.1u.tlog
f:\my desktop\fyc_sdk\imagemethod\release_unicode_vs2013\imagemethod.tlog\link.command.1.tlog
f:\my desktop\fyc_sdk\imagemethod\release_unicode_vs2013\imagemethod.tlog\link.read.1.tlog
f:\my desktop\fyc_sdk\imagemethod\release_unicode_vs2013\imagemethod.tlog\link.write.1.tlog
f:\my desktop\fyc_sdk\imagemethod\release_unicode_vs2013\imagemethod.tlog\rc.command.1.tlog
f:\my desktop\fyc_sdk\imagemethod\release_unicode_vs2013\imagemethod.tlog\rc.read.1.tlog
f:\my desktop\fyc_sdk\imagemethod\release_unicode_vs2013\imagemethod.tlog\rc.write.1.tlog
