生成启动时间为 2017/6/11 2:43:19。
     1>项目“F:\my desktop\FYC_SDK\CxImage\jasper\jasper.vcxproj”在节点 2 上(Build 个目标)。
     1>ClCompile:
         C:\Program Files (x86)\Microsoft Visual Studio 12.0\VC\bin\CL.exe /c /I.\include /Zi /nologo /W2 /WX- /O2 /Oy- /D _LIB /D JAS_WIN_MSVC_BUILD /D WIN32 /D NDEBUG /D UNICODE /D _CRT_SECURE_NO_DEPRECATE /D _VC80_UPGRADE=0x0600 /D _UNICODE /D UNICODE /GF /Gm- /EHsc /MD /GS- /Gy /fp:precise /Zc:wchar_t /Zc:forScope /Fo".\Unicode_Release\\" /Fd".\Unicode_Release\vc120.pdb" /Gd /TC /analyze- /errorReport:prompt bmp\bmp_cod.c bmp\bmp_dec.c bmp\bmp_enc.c base\jas_cm.c base\jas_debug.c base\jas_getopt.c base\jas_icc.c base\jas_iccdata.c base\jas_image.c base\jas_init.c base\jas_malloc.c base\jas_seq.c base\jas_stream.c base\jas_string.c base\jas_tvp.c base\jas_version.c jp2\jp2_cod.c jp2\jp2_dec.c jp2\jp2_enc.c jpc\jpc_bs.c jpc\jpc_cs.c jpc\jpc_dec.c jpc\jpc_enc.c jpc\jpc_math.c jpc\jpc_mct.c jpc\jpc_mqcod.c jpc\jpc_mqdec.c jpc\jpc_mqenc.c jpc\jpc_qmfb.c jpc\jpc_t1cod.c jpc\jpc_t1dec.c jpc\jpc_t1enc.c jpc\jpc_t2cod.c jpc\jpc_t2dec.c jpc\jpc_t2enc.c jpc\jpc_tagtree.c jpc\jpc_tsfb.c jpc\jpc_util.c jpg\jpg_dummy.c jpg\jpg_val.c mif\mif_cod.c pgx\pgx_cod.c pgx\pgx_dec.c pgx\pgx_enc.c pnm\pnm_cod.c pnm\pnm_dec.c pnm\pnm_enc.c ras\ras_cod.c ras\ras_dec.c ras\ras_enc.c
         bmp_cod.c
         bmp_dec.c
         bmp_enc.c
         jas_cm.c
         jas_debug.c
         jas_getopt.c
         jas_icc.c
         jas_iccdata.c
         jas_image.c
         jas_init.c
         jas_malloc.c
         jas_seq.c
         jas_stream.c
         jas_string.c
         jas_tvp.c
         jas_version.c
         jp2_cod.c
         jp2_dec.c
         jp2_enc.c
         jpc_bs.c
         正在生成代码...
         正在编译...
         jpc_cs.c
         jpc_dec.c
         jpc_enc.c
         jpc_math.c
         jpc_mct.c
         jpc_mqcod.c
         jpc_mqdec.c
         jpc_mqenc.c
         jpc_qmfb.c
         jpc_t1cod.c
         jpc_t1dec.c
         jpc_t1enc.c
         jpc_t2cod.c
         jpc_t2dec.c
         jpc_t2enc.c
         jpc_tagtree.c
         jpc_tsfb.c
         jpc_util.c
         jpg_dummy.c
         jpg_val.c
         正在生成代码...
         正在编译...
         mif_cod.c
         pgx_cod.c
         pgx_dec.c
         pgx_enc.c
         pnm_cod.c
         pnm_dec.c
         pnm_enc.c
         ras_cod.c
         ras_dec.c
         ras_enc.c
         正在生成代码...
     1>C:\Program Files (x86)\MSBuild\Microsoft.Cpp\v4.0\V120\Microsoft.CppBuild.targets(1354,5): warning MSB8012: TargetPath(F:\my desktop\FYC_SDK\CxImage\jasper\.\Unicode_Release\jasper.lib) does not match the Library's OutputFile property value (F:\my desktop\FYC_SDK\CxImage\lib\jasper.lib). This may cause your project to build incorrectly. To correct this, please make sure that $(OutDir), $(TargetName) and $(TargetExt) property values match the value specified in %(Lib.OutputFile).
       Lib:
         C:\Program Files (x86)\Microsoft Visual Studio 12.0\VC\bin\Lib.exe /OUT:"..\lib\jasper.lib" /NOLOGO .\Unicode_Release\bmp_cod.obj
         .\Unicode_Release\bmp_dec.obj
         .\Unicode_Release\bmp_enc.obj
         .\Unicode_Release\jas_cm.obj
         .\Unicode_Release\jas_debug.obj
         .\Unicode_Release\jas_getopt.obj
         .\Unicode_Release\jas_icc.obj
         .\Unicode_Release\jas_iccdata.obj
         .\Unicode_Release\jas_image.obj
         .\Unicode_Release\jas_init.obj
         .\Unicode_Release\jas_malloc.obj
         .\Unicode_Release\jas_seq.obj
         .\Unicode_Release\jas_stream.obj
         .\Unicode_Release\jas_string.obj
         .\Unicode_Release\jas_tvp.obj
         .\Unicode_Release\jas_version.obj
         .\Unicode_Release\jp2_cod.obj
         .\Unicode_Release\jp2_dec.obj
         .\Unicode_Release\jp2_enc.obj
         .\Unicode_Release\jpc_bs.obj
         .\Unicode_Release\jpc_cs.obj
         .\Unicode_Release\jpc_dec.obj
         .\Unicode_Release\jpc_enc.obj
         .\Unicode_Release\jpc_math.obj
         .\Unicode_Release\jpc_mct.obj
         .\Unicode_Release\jpc_mqcod.obj
         .\Unicode_Release\jpc_mqdec.obj
         .\Unicode_Release\jpc_mqenc.obj
         .\Unicode_Release\jpc_qmfb.obj
         .\Unicode_Release\jpc_t1cod.obj
         .\Unicode_Release\jpc_t1dec.obj
         .\Unicode_Release\jpc_t1enc.obj
         .\Unicode_Release\jpc_t2cod.obj
         .\Unicode_Release\jpc_t2dec.obj
         .\Unicode_Release\jpc_t2enc.obj
         .\Unicode_Release\jpc_tagtree.obj
         .\Unicode_Release\jpc_tsfb.obj
         .\Unicode_Release\jpc_util.obj
         .\Unicode_Release\jpg_dummy.obj
         .\Unicode_Release\jpg_val.obj
         .\Unicode_Release\mif_cod.obj
         .\Unicode_Release\pgx_cod.obj
         .\Unicode_Release\pgx_dec.obj
         .\Unicode_Release\pgx_enc.obj
         .\Unicode_Release\pnm_cod.obj
         .\Unicode_Release\pnm_dec.obj
         .\Unicode_Release\pnm_enc.obj
         .\Unicode_Release\ras_cod.obj
         .\Unicode_Release\ras_dec.obj
         .\Unicode_Release\ras_enc.obj
         jasper.vcxproj -> F:\my desktop\FYC_SDK\CxImage\jasper\.\Unicode_Release\jasper.lib
     1>已完成生成项目“F:\my desktop\FYC_SDK\CxImage\jasper\jasper.vcxproj”(Build 个目标)的操作。

生成成功。

已用时间 00:00:16.42
