d:\my desktop\fyc_sdk\cximage\jasper\unicode_release\vc120.pdb
d:\my desktop\fyc_sdk\cximage\jasper\unicode_release\jpc_bs.obj
d:\my desktop\fyc_sdk\cximage\jasper\unicode_release\jp2_enc.obj
d:\my desktop\fyc_sdk\cximage\jasper\unicode_release\jp2_dec.obj
d:\my desktop\fyc_sdk\cximage\jasper\unicode_release\jp2_cod.obj
d:\my desktop\fyc_sdk\cximage\jasper\unicode_release\jas_version.obj
d:\my desktop\fyc_sdk\cximage\jasper\unicode_release\jas_tvp.obj
d:\my desktop\fyc_sdk\cximage\jasper\unicode_release\jas_string.obj
d:\my desktop\fyc_sdk\cximage\jasper\unicode_release\jas_stream.obj
d:\my desktop\fyc_sdk\cximage\jasper\unicode_release\jas_seq.obj
d:\my desktop\fyc_sdk\cximage\jasper\unicode_release\jas_malloc.obj
d:\my desktop\fyc_sdk\cximage\jasper\unicode_release\jas_init.obj
d:\my desktop\fyc_sdk\cximage\jasper\unicode_release\jas_image.obj
d:\my desktop\fyc_sdk\cximage\jasper\unicode_release\jas_iccdata.obj
d:\my desktop\fyc_sdk\cximage\jasper\unicode_release\jas_icc.obj
d:\my desktop\fyc_sdk\cximage\jasper\unicode_release\jas_getopt.obj
d:\my desktop\fyc_sdk\cximage\jasper\unicode_release\jas_debug.obj
d:\my desktop\fyc_sdk\cximage\jasper\unicode_release\jas_cm.obj
d:\my desktop\fyc_sdk\cximage\jasper\unicode_release\bmp_enc.obj
d:\my desktop\fyc_sdk\cximage\jasper\unicode_release\bmp_dec.obj
d:\my desktop\fyc_sdk\cximage\jasper\unicode_release\bmp_cod.obj
d:\my desktop\fyc_sdk\cximage\jasper\unicode_release\jpg_val.obj
d:\my desktop\fyc_sdk\cximage\jasper\unicode_release\jpg_dummy.obj
d:\my desktop\fyc_sdk\cximage\jasper\unicode_release\jpc_util.obj
d:\my desktop\fyc_sdk\cximage\jasper\unicode_release\jpc_tsfb.obj
d:\my desktop\fyc_sdk\cximage\jasper\unicode_release\jpc_tagtree.obj
d:\my desktop\fyc_sdk\cximage\jasper\unicode_release\jpc_t2enc.obj
d:\my desktop\fyc_sdk\cximage\jasper\unicode_release\jpc_t2dec.obj
d:\my desktop\fyc_sdk\cximage\jasper\unicode_release\jpc_t2cod.obj
d:\my desktop\fyc_sdk\cximage\jasper\unicode_release\jpc_t1enc.obj
d:\my desktop\fyc_sdk\cximage\jasper\unicode_release\jpc_t1dec.obj
d:\my desktop\fyc_sdk\cximage\jasper\unicode_release\jpc_t1cod.obj
d:\my desktop\fyc_sdk\cximage\jasper\unicode_release\jpc_qmfb.obj
d:\my desktop\fyc_sdk\cximage\jasper\unicode_release\jpc_mqenc.obj
d:\my desktop\fyc_sdk\cximage\jasper\unicode_release\jpc_mqdec.obj
d:\my desktop\fyc_sdk\cximage\jasper\unicode_release\jpc_mqcod.obj
d:\my desktop\fyc_sdk\cximage\jasper\unicode_release\jpc_mct.obj
d:\my desktop\fyc_sdk\cximage\jasper\unicode_release\jpc_math.obj
d:\my desktop\fyc_sdk\cximage\jasper\unicode_release\jpc_enc.obj
d:\my desktop\fyc_sdk\cximage\jasper\unicode_release\jpc_dec.obj
d:\my desktop\fyc_sdk\cximage\jasper\unicode_release\jpc_cs.obj
d:\my desktop\fyc_sdk\cximage\jasper\unicode_release\ras_enc.obj
d:\my desktop\fyc_sdk\cximage\jasper\unicode_release\ras_dec.obj
d:\my desktop\fyc_sdk\cximage\jasper\unicode_release\ras_cod.obj
d:\my desktop\fyc_sdk\cximage\jasper\unicode_release\pnm_enc.obj
d:\my desktop\fyc_sdk\cximage\jasper\unicode_release\pnm_dec.obj
d:\my desktop\fyc_sdk\cximage\jasper\unicode_release\pnm_cod.obj
d:\my desktop\fyc_sdk\cximage\jasper\unicode_release\pgx_enc.obj
d:\my desktop\fyc_sdk\cximage\jasper\unicode_release\pgx_dec.obj
d:\my desktop\fyc_sdk\cximage\jasper\unicode_release\pgx_cod.obj
d:\my desktop\fyc_sdk\cximage\jasper\unicode_release\mif_cod.obj
d:\my desktop\fyc_sdk\cximage\lib\jasper.lib
f:\my desktop\fyc_sdk\cximage\jasper\unicode_release\bmp_cod.obj
f:\my desktop\fyc_sdk\cximage\jasper\unicode_release\bmp_dec.obj
f:\my desktop\fyc_sdk\cximage\jasper\unicode_release\bmp_enc.obj
f:\my desktop\fyc_sdk\cximage\jasper\unicode_release\jas_cm.obj
f:\my desktop\fyc_sdk\cximage\jasper\unicode_release\jas_debug.obj
f:\my desktop\fyc_sdk\cximage\jasper\unicode_release\jas_getopt.obj
f:\my desktop\fyc_sdk\cximage\jasper\unicode_release\jas_icc.obj
f:\my desktop\fyc_sdk\cximage\jasper\unicode_release\jas_iccdata.obj
f:\my desktop\fyc_sdk\cximage\jasper\unicode_release\jas_image.obj
f:\my desktop\fyc_sdk\cximage\jasper\unicode_release\jas_init.obj
f:\my desktop\fyc_sdk\cximage\jasper\unicode_release\jas_malloc.obj
f:\my desktop\fyc_sdk\cximage\jasper\unicode_release\jas_seq.obj
f:\my desktop\fyc_sdk\cximage\jasper\unicode_release\jas_stream.obj
f:\my desktop\fyc_sdk\cximage\jasper\unicode_release\jas_string.obj
f:\my desktop\fyc_sdk\cximage\jasper\unicode_release\jas_tvp.obj
f:\my desktop\fyc_sdk\cximage\jasper\unicode_release\jas_version.obj
f:\my desktop\fyc_sdk\cximage\jasper\unicode_release\jp2_cod.obj
f:\my desktop\fyc_sdk\cximage\jasper\unicode_release\jp2_dec.obj
f:\my desktop\fyc_sdk\cximage\jasper\unicode_release\jp2_enc.obj
f:\my desktop\fyc_sdk\cximage\jasper\unicode_release\jpc_bs.obj
f:\my desktop\fyc_sdk\cximage\jasper\unicode_release\jpc_cs.obj
f:\my desktop\fyc_sdk\cximage\jasper\unicode_release\jpc_dec.obj
f:\my desktop\fyc_sdk\cximage\jasper\unicode_release\jpc_enc.obj
f:\my desktop\fyc_sdk\cximage\jasper\unicode_release\jpc_math.obj
f:\my desktop\fyc_sdk\cximage\jasper\unicode_release\jpc_mct.obj
f:\my desktop\fyc_sdk\cximage\jasper\unicode_release\jpc_mqcod.obj
f:\my desktop\fyc_sdk\cximage\jasper\unicode_release\jpc_mqdec.obj
f:\my desktop\fyc_sdk\cximage\jasper\unicode_release\jpc_mqenc.obj
f:\my desktop\fyc_sdk\cximage\jasper\unicode_release\jpc_qmfb.obj
f:\my desktop\fyc_sdk\cximage\jasper\unicode_release\jpc_t1cod.obj
f:\my desktop\fyc_sdk\cximage\jasper\unicode_release\jpc_t1dec.obj
f:\my desktop\fyc_sdk\cximage\jasper\unicode_release\jpc_t1enc.obj
f:\my desktop\fyc_sdk\cximage\jasper\unicode_release\jpc_t2cod.obj
f:\my desktop\fyc_sdk\cximage\jasper\unicode_release\jpc_t2dec.obj
f:\my desktop\fyc_sdk\cximage\jasper\unicode_release\jpc_t2enc.obj
f:\my desktop\fyc_sdk\cximage\jasper\unicode_release\jpc_tagtree.obj
f:\my desktop\fyc_sdk\cximage\jasper\unicode_release\jpc_tsfb.obj
f:\my desktop\fyc_sdk\cximage\jasper\unicode_release\jpc_util.obj
f:\my desktop\fyc_sdk\cximage\jasper\unicode_release\jpg_dummy.obj
f:\my desktop\fyc_sdk\cximage\jasper\unicode_release\jpg_val.obj
f:\my desktop\fyc_sdk\cximage\jasper\unicode_release\mif_cod.obj
f:\my desktop\fyc_sdk\cximage\jasper\unicode_release\pgx_cod.obj
f:\my desktop\fyc_sdk\cximage\jasper\unicode_release\pgx_dec.obj
f:\my desktop\fyc_sdk\cximage\jasper\unicode_release\pgx_enc.obj
f:\my desktop\fyc_sdk\cximage\jasper\unicode_release\pnm_cod.obj
f:\my desktop\fyc_sdk\cximage\jasper\unicode_release\pnm_dec.obj
f:\my desktop\fyc_sdk\cximage\jasper\unicode_release\pnm_enc.obj
f:\my desktop\fyc_sdk\cximage\jasper\unicode_release\ras_cod.obj
f:\my desktop\fyc_sdk\cximage\jasper\unicode_release\ras_dec.obj
f:\my desktop\fyc_sdk\cximage\jasper\unicode_release\ras_enc.obj
f:\my desktop\fyc_sdk\cximage\jasper\unicode_release\vc120.pdb
f:\my desktop\fyc_sdk\cximage\jasper\unicode_release\jasper.tlog\cl.command.1.tlog
f:\my desktop\fyc_sdk\cximage\jasper\unicode_release\jasper.tlog\cl.read.1.tlog
f:\my desktop\fyc_sdk\cximage\jasper\unicode_release\jasper.tlog\cl.write.1.tlog
f:\my desktop\fyc_sdk\cximage\jasper\unicode_release\jasper.tlog\lib-link.read.1.tlog
f:\my desktop\fyc_sdk\cximage\jasper\unicode_release\jasper.tlog\lib-link.write.1.tlog
f:\my desktop\fyc_sdk\cximage\jasper\unicode_release\jasper.tlog\lib.command.1.tlog
