生成启动时间为 2017/6/11 2:43:48。
     1>项目“F:\my desktop\FYC_SDK\CxImage\tiff\Tiff.vcxproj”在节点 2 上(Build 个目标)。
     1>ClCompile:
         C:\Program Files (x86)\Microsoft Visual Studio 12.0\VC\bin\CL.exe /c /I..\zlib /Zi /nologo /W3 /WX- /O1 /Oy- /D _LIB /D WIN32 /D NDEBUG /D UNICODE /D _CRT_SECURE_NO_DEPRECATE /D _VC80_UPGRADE=0x0600 /D _UNICODE /D UNICODE /D _AFXDLL /GF /Gm- /EHsc /MD /GS- /Gy /fp:precise /Zc:wchar_t /Zc:forScope /Fo".\Unicode_Release\\" /Fd".\Unicode_Release\vc120.pdb" /Gd /TC /analyze- /errorReport:prompt fax3sm_winnt.c tif_aux.c tif_close.c tif_codec.c tif_compress.c tif_dir.c tif_dirinfo.c tif_dirread.c tif_dirwrite.c tif_dumpmode.c tif_error.c tif_fax3.c tif_flush.c tif_getimage.c tif_jpeg.c tif_luv.c tif_lzw.c tif_next.c tif_ojpeg.c tif_open.c tif_packbits.c tif_pixarlog.c tif_predict.c tif_print.c tif_read.c tif_strip.c tif_swab.c tif_thunder.c tif_tile.c tif_version.c tif_warning.c tif_write.c tif_zip.c
         fax3sm_winnt.c
         tif_aux.c
         tif_close.c
         tif_codec.c
         tif_compress.c
         tif_dir.c
         tif_dirinfo.c
         tif_dirread.c
         tif_dirwrite.c
         tif_dumpmode.c
         tif_error.c
         tif_fax3.c
         tif_flush.c
         tif_getimage.c
         tif_jpeg.c
         tif_luv.c
         tif_lzw.c
         tif_next.c
         tif_ojpeg.c
         tif_open.c
         正在生成代码...
         正在编译...
         tif_packbits.c
         tif_pixarlog.c
         tif_predict.c
         tif_print.c
         tif_read.c
         tif_strip.c
         tif_swab.c
         tif_thunder.c
         tif_tile.c
         tif_version.c
         tif_warning.c
         tif_write.c
         tif_zip.c
         正在生成代码...
     1>C:\Program Files (x86)\MSBuild\Microsoft.Cpp\v4.0\V120\Microsoft.CppBuild.targets(1354,5): warning MSB8012: TargetPath(F:\my desktop\FYC_SDK\CxImage\tiff\.\Unicode_Release\tiff.lib) does not match the Library's OutputFile property value (F:\my desktop\FYC_SDK\CxImage\lib\Tiff.lib). This may cause your project to build incorrectly. To correct this, please make sure that $(OutDir), $(TargetName) and $(TargetExt) property values match the value specified in %(Lib.OutputFile).
       Lib:
         C:\Program Files (x86)\Microsoft Visual Studio 12.0\VC\bin\Lib.exe /OUT:"..\lib\Tiff.lib" /NOLOGO .\Unicode_Release\fax3sm_winnt.obj
         .\Unicode_Release\tif_aux.obj
         .\Unicode_Release\tif_close.obj
         .\Unicode_Release\tif_codec.obj
         .\Unicode_Release\tif_compress.obj
         .\Unicode_Release\tif_dir.obj
         .\Unicode_Release\tif_dirinfo.obj
         .\Unicode_Release\tif_dirread.obj
         .\Unicode_Release\tif_dirwrite.obj
         .\Unicode_Release\tif_dumpmode.obj
         .\Unicode_Release\tif_error.obj
         .\Unicode_Release\tif_fax3.obj
         .\Unicode_Release\tif_flush.obj
         .\Unicode_Release\tif_getimage.obj
         .\Unicode_Release\tif_jpeg.obj
         .\Unicode_Release\tif_luv.obj
         .\Unicode_Release\tif_lzw.obj
         .\Unicode_Release\tif_next.obj
         .\Unicode_Release\tif_ojpeg.obj
         .\Unicode_Release\tif_open.obj
         .\Unicode_Release\tif_packbits.obj
         .\Unicode_Release\tif_pixarlog.obj
         .\Unicode_Release\tif_predict.obj
         .\Unicode_Release\tif_print.obj
         .\Unicode_Release\tif_read.obj
         .\Unicode_Release\tif_strip.obj
         .\Unicode_Release\tif_swab.obj
         .\Unicode_Release\tif_thunder.obj
         .\Unicode_Release\tif_tile.obj
         .\Unicode_Release\tif_version.obj
         .\Unicode_Release\tif_warning.obj
         .\Unicode_Release\tif_write.obj
         .\Unicode_Release\tif_zip.obj
         Tiff.vcxproj -> F:\my desktop\FYC_SDK\CxImage\tiff\.\Unicode_Release\tiff.lib
     1>已完成生成项目“F:\my desktop\FYC_SDK\CxImage\tiff\Tiff.vcxproj”(Build 个目标)的操作。

生成成功。

已用时间 00:00:15.17
