d:\my desktop\fyc_sdk\cximage\tiff\unicode_release\vc120.pdb
d:\my desktop\fyc_sdk\cximage\tiff\unicode_release\tif_open.obj
d:\my desktop\fyc_sdk\cximage\tiff\unicode_release\tif_ojpeg.obj
d:\my desktop\fyc_sdk\cximage\tiff\unicode_release\tif_next.obj
d:\my desktop\fyc_sdk\cximage\tiff\unicode_release\tif_lzw.obj
d:\my desktop\fyc_sdk\cximage\tiff\unicode_release\tif_luv.obj
d:\my desktop\fyc_sdk\cximage\tiff\unicode_release\tif_jpeg.obj
d:\my desktop\fyc_sdk\cximage\tiff\unicode_release\tif_getimage.obj
d:\my desktop\fyc_sdk\cximage\tiff\unicode_release\tif_flush.obj
d:\my desktop\fyc_sdk\cximage\tiff\unicode_release\tif_fax3.obj
d:\my desktop\fyc_sdk\cximage\tiff\unicode_release\tif_error.obj
d:\my desktop\fyc_sdk\cximage\tiff\unicode_release\tif_dumpmode.obj
d:\my desktop\fyc_sdk\cximage\tiff\unicode_release\tif_dirwrite.obj
d:\my desktop\fyc_sdk\cximage\tiff\unicode_release\tif_dirread.obj
d:\my desktop\fyc_sdk\cximage\tiff\unicode_release\tif_dirinfo.obj
d:\my desktop\fyc_sdk\cximage\tiff\unicode_release\tif_dir.obj
d:\my desktop\fyc_sdk\cximage\tiff\unicode_release\tif_compress.obj
d:\my desktop\fyc_sdk\cximage\tiff\unicode_release\tif_codec.obj
d:\my desktop\fyc_sdk\cximage\tiff\unicode_release\tif_close.obj
d:\my desktop\fyc_sdk\cximage\tiff\unicode_release\tif_aux.obj
d:\my desktop\fyc_sdk\cximage\tiff\unicode_release\fax3sm_winnt.obj
d:\my desktop\fyc_sdk\cximage\tiff\unicode_release\tif_zip.obj
d:\my desktop\fyc_sdk\cximage\tiff\unicode_release\tif_write.obj
d:\my desktop\fyc_sdk\cximage\tiff\unicode_release\tif_warning.obj
d:\my desktop\fyc_sdk\cximage\tiff\unicode_release\tif_version.obj
d:\my desktop\fyc_sdk\cximage\tiff\unicode_release\tif_tile.obj
d:\my desktop\fyc_sdk\cximage\tiff\unicode_release\tif_thunder.obj
d:\my desktop\fyc_sdk\cximage\tiff\unicode_release\tif_swab.obj
d:\my desktop\fyc_sdk\cximage\tiff\unicode_release\tif_strip.obj
d:\my desktop\fyc_sdk\cximage\tiff\unicode_release\tif_read.obj
d:\my desktop\fyc_sdk\cximage\tiff\unicode_release\tif_print.obj
d:\my desktop\fyc_sdk\cximage\tiff\unicode_release\tif_predict.obj
d:\my desktop\fyc_sdk\cximage\tiff\unicode_release\tif_pixarlog.obj
d:\my desktop\fyc_sdk\cximage\tiff\unicode_release\tif_packbits.obj
d:\my desktop\fyc_sdk\cximage\lib\tiff.lib
f:\my desktop\fyc_sdk\cximage\tiff\unicode_release\fax3sm_winnt.obj
f:\my desktop\fyc_sdk\cximage\tiff\unicode_release\tif_aux.obj
f:\my desktop\fyc_sdk\cximage\tiff\unicode_release\tif_close.obj
f:\my desktop\fyc_sdk\cximage\tiff\unicode_release\tif_codec.obj
f:\my desktop\fyc_sdk\cximage\tiff\unicode_release\tif_compress.obj
f:\my desktop\fyc_sdk\cximage\tiff\unicode_release\tif_dir.obj
f:\my desktop\fyc_sdk\cximage\tiff\unicode_release\tif_dirinfo.obj
f:\my desktop\fyc_sdk\cximage\tiff\unicode_release\tif_dirread.obj
f:\my desktop\fyc_sdk\cximage\tiff\unicode_release\tif_dirwrite.obj
f:\my desktop\fyc_sdk\cximage\tiff\unicode_release\tif_dumpmode.obj
f:\my desktop\fyc_sdk\cximage\tiff\unicode_release\tif_error.obj
f:\my desktop\fyc_sdk\cximage\tiff\unicode_release\tif_fax3.obj
f:\my desktop\fyc_sdk\cximage\tiff\unicode_release\tif_flush.obj
f:\my desktop\fyc_sdk\cximage\tiff\unicode_release\tif_getimage.obj
f:\my desktop\fyc_sdk\cximage\tiff\unicode_release\tif_jpeg.obj
f:\my desktop\fyc_sdk\cximage\tiff\unicode_release\tif_luv.obj
f:\my desktop\fyc_sdk\cximage\tiff\unicode_release\tif_lzw.obj
f:\my desktop\fyc_sdk\cximage\tiff\unicode_release\tif_next.obj
f:\my desktop\fyc_sdk\cximage\tiff\unicode_release\tif_ojpeg.obj
f:\my desktop\fyc_sdk\cximage\tiff\unicode_release\tif_open.obj
f:\my desktop\fyc_sdk\cximage\tiff\unicode_release\tif_packbits.obj
f:\my desktop\fyc_sdk\cximage\tiff\unicode_release\tif_pixarlog.obj
f:\my desktop\fyc_sdk\cximage\tiff\unicode_release\tif_predict.obj
f:\my desktop\fyc_sdk\cximage\tiff\unicode_release\tif_print.obj
f:\my desktop\fyc_sdk\cximage\tiff\unicode_release\tif_read.obj
f:\my desktop\fyc_sdk\cximage\tiff\unicode_release\tif_strip.obj
f:\my desktop\fyc_sdk\cximage\tiff\unicode_release\tif_swab.obj
f:\my desktop\fyc_sdk\cximage\tiff\unicode_release\tif_thunder.obj
f:\my desktop\fyc_sdk\cximage\tiff\unicode_release\tif_tile.obj
f:\my desktop\fyc_sdk\cximage\tiff\unicode_release\tif_version.obj
f:\my desktop\fyc_sdk\cximage\tiff\unicode_release\tif_warning.obj
f:\my desktop\fyc_sdk\cximage\tiff\unicode_release\tif_write.obj
f:\my desktop\fyc_sdk\cximage\tiff\unicode_release\tif_zip.obj
f:\my desktop\fyc_sdk\cximage\tiff\unicode_release\vc120.pdb
f:\my desktop\fyc_sdk\cximage\tiff\unicode_release\tiff.tlog\cl.command.1.tlog
f:\my desktop\fyc_sdk\cximage\tiff\unicode_release\tiff.tlog\cl.read.1.tlog
f:\my desktop\fyc_sdk\cximage\tiff\unicode_release\tiff.tlog\cl.write.1.tlog
f:\my desktop\fyc_sdk\cximage\tiff\unicode_release\tiff.tlog\lib-link.read.1.tlog
f:\my desktop\fyc_sdk\cximage\tiff\unicode_release\tiff.tlog\lib-link.write.1.tlog
f:\my desktop\fyc_sdk\cximage\tiff\unicode_release\tiff.tlog\lib.command.1.tlog
