f:\my desktop\fyc_sdk\dui窗体\release_unicode\vc71.pdb
f:\my desktop\fyc_sdk\dui窗体\release_unicode\stdafx.obj
f:\my desktop\fyc_sdk\dui窗体\release_unicode\ycduiwindow.obj
f:\my desktop\fyc_sdk\dui窗体\release_unicode\filterwnd.obj
d:\my desktop\fyc_sdk\?????????\unicode\guifoundation.lib
d:\my desktop\fyc_sdk\?????????\unicode\guifoundation.exp
f:\my desktop\fyc_sdk\?????????\unicode\guifoundation.lib
f:\my desktop\fyc_sdk\?????????\unicode\guifoundation.exp
f:\my desktop\fyc_sdk\库文件\unicode\guifoundation.lib
f:\my desktop\fyc_sdk\库文件\unicode\guifoundation.exp
f:\my desktop\fyc_sdk\运行\release\unicode\guifoundation.dll
f:\my desktop\fyc_sdk\dui窗体\release_unicode\guifoundation.pdb
f:\my desktop\fyc_sdk\dui窗体\release_unicode\guifoundation.res
f:\my desktop\fyc_sdk\dui窗体\release_unicode\cl.command.1.tlog
f:\my desktop\fyc_sdk\dui窗体\release_unicode\cl.read.1.tlog
f:\my desktop\fyc_sdk\dui窗体\release_unicode\cl.write.1.tlog
f:\my desktop\fyc_sdk\dui窗体\release_unicode\dui窗体.write.1.tlog
f:\my desktop\fyc_sdk\dui窗体\release_unicode\link-cvtres.read.1.tlog
f:\my desktop\fyc_sdk\dui窗体\release_unicode\link-cvtres.write.1.tlog
f:\my desktop\fyc_sdk\dui窗体\release_unicode\link.10456-cvtres.read.1.tlog
f:\my desktop\fyc_sdk\dui窗体\release_unicode\link.10456-cvtres.write.1.tlog
f:\my desktop\fyc_sdk\dui窗体\release_unicode\link.10456.read.1.tlog
f:\my desktop\fyc_sdk\dui窗体\release_unicode\link.10456.write.1.tlog
f:\my desktop\fyc_sdk\dui窗体\release_unicode\link.10600-cvtres.read.1.tlog
f:\my desktop\fyc_sdk\dui窗体\release_unicode\link.10600-cvtres.write.1.tlog
f:\my desktop\fyc_sdk\dui窗体\release_unicode\link.10600.read.1.tlog
f:\my desktop\fyc_sdk\dui窗体\release_unicode\link.10600.write.1.tlog
f:\my desktop\fyc_sdk\dui窗体\release_unicode\link.9444-cvtres.read.1.tlog
f:\my desktop\fyc_sdk\dui窗体\release_unicode\link.9444-cvtres.write.1.tlog
f:\my desktop\fyc_sdk\dui窗体\release_unicode\link.9444.read.1.tlog
f:\my desktop\fyc_sdk\dui窗体\release_unicode\link.9444.write.1.tlog
f:\my desktop\fyc_sdk\dui窗体\release_unicode\link.9528-cvtres.read.1.tlog
f:\my desktop\fyc_sdk\dui窗体\release_unicode\link.9528-cvtres.write.1.tlog
f:\my desktop\fyc_sdk\dui窗体\release_unicode\link.9528.read.1.tlog
f:\my desktop\fyc_sdk\dui窗体\release_unicode\link.9528.write.1.tlog
f:\my desktop\fyc_sdk\dui窗体\release_unicode\link.command.1.tlog
f:\my desktop\fyc_sdk\dui窗体\release_unicode\link.read.1.tlog
f:\my desktop\fyc_sdk\dui窗体\release_unicode\link.write.1.tlog
f:\my desktop\fyc_sdk\dui窗体\release_unicode\rc.command.1.tlog
f:\my desktop\fyc_sdk\dui窗体\release_unicode\rc.read.1.tlog
f:\my desktop\fyc_sdk\dui窗体\release_unicode\rc.write.1.tlog
f:\my desktop\fyc_sdk\dui窗体\release_unicode\guifoundation.pch
