f:\my desktop\fyc_sdk\commonmodul\release_unicode_vs2013\commonmodul.pch
f:\my desktop\fyc_sdk\commonmodul\release_unicode_vs2013\vc120.pdb
f:\my desktop\fyc_sdk\commonmodul\release_unicode_vs2013\dailylog.obj
f:\my desktop\fyc_sdk\commonmodul\release_unicode_vs2013\inifileio.obj
f:\my desktop\fyc_sdk\commonmodul\release_unicode_vs2013\rsa.obj
f:\my desktop\fyc_sdk\commonmodul\release_unicode_vs2013\stdafx.obj
f:\my desktop\fyc_sdk\库文件\unicode\commonmodul.lib
f:\my desktop\fyc_sdk\库文件\unicode\commonmodul.exp
f:\my desktop\fyc_sdk\运行\release\unicode\commonmodul.dll
f:\my desktop\fyc_sdk\sdksln\release_unicode_vs2013\commonmodul.pdb
f:\my desktop\fyc_sdk\commonmodul\release_unicode_vs2013\commonmodul.res
f:\my desktop\fyc_sdk\commonmodul\release_unicode_vs2013\commonmodul.tlog\cl.command.1.tlog
f:\my desktop\fyc_sdk\commonmodul\release_unicode_vs2013\commonmodul.tlog\cl.read.1.tlog
f:\my desktop\fyc_sdk\commonmodul\release_unicode_vs2013\commonmodul.tlog\cl.write.1.tlog
f:\my desktop\fyc_sdk\commonmodul\release_unicode_vs2013\commonmodul.tlog\commonmodul.write.1u.tlog
f:\my desktop\fyc_sdk\commonmodul\release_unicode_vs2013\commonmodul.tlog\link.command.1.tlog
f:\my desktop\fyc_sdk\commonmodul\release_unicode_vs2013\commonmodul.tlog\link.read.1.tlog
f:\my desktop\fyc_sdk\commonmodul\release_unicode_vs2013\commonmodul.tlog\link.write.1.tlog
f:\my desktop\fyc_sdk\commonmodul\release_unicode_vs2013\commonmodul.tlog\rc.command.1.tlog
f:\my desktop\fyc_sdk\commonmodul\release_unicode_vs2013\commonmodul.tlog\rc.read.1.tlog
f:\my desktop\fyc_sdk\commonmodul\release_unicode_vs2013\commonmodul.tlog\rc.write.1.tlog
