d:\my desktop\fyc_sdk\cximage\png\unicode_release\vc120.pdb
d:\my desktop\fyc_sdk\cximage\png\unicode_release\pngwutil.obj
d:\my desktop\fyc_sdk\cximage\png\unicode_release\pngwtran.obj
d:\my desktop\fyc_sdk\cximage\png\unicode_release\pngwrite.obj
d:\my desktop\fyc_sdk\cximage\png\unicode_release\pngwio.obj
d:\my desktop\fyc_sdk\cximage\png\unicode_release\pngvcrd.obj
d:\my desktop\fyc_sdk\cximage\png\unicode_release\pngtrans.obj
d:\my desktop\fyc_sdk\cximage\png\unicode_release\pngset.obj
d:\my desktop\fyc_sdk\cximage\png\unicode_release\pngrutil.obj
d:\my desktop\fyc_sdk\cximage\png\unicode_release\pngrtran.obj
d:\my desktop\fyc_sdk\cximage\png\unicode_release\pngrio.obj
d:\my desktop\fyc_sdk\cximage\png\unicode_release\pngread.obj
d:\my desktop\fyc_sdk\cximage\png\unicode_release\pngpread.obj
d:\my desktop\fyc_sdk\cximage\png\unicode_release\pngmem.obj
d:\my desktop\fyc_sdk\cximage\png\unicode_release\pngget.obj
d:\my desktop\fyc_sdk\cximage\png\unicode_release\pngerror.obj
d:\my desktop\fyc_sdk\cximage\png\unicode_release\png.obj
d:\my desktop\fyc_sdk\cximage\lib\png.lib
f:\my desktop\fyc_sdk\cximage\png\unicode_release\png.obj
f:\my desktop\fyc_sdk\cximage\png\unicode_release\pngerror.obj
f:\my desktop\fyc_sdk\cximage\png\unicode_release\pngget.obj
f:\my desktop\fyc_sdk\cximage\png\unicode_release\pngmem.obj
f:\my desktop\fyc_sdk\cximage\png\unicode_release\pngpread.obj
f:\my desktop\fyc_sdk\cximage\png\unicode_release\pngread.obj
f:\my desktop\fyc_sdk\cximage\png\unicode_release\pngrio.obj
f:\my desktop\fyc_sdk\cximage\png\unicode_release\pngrtran.obj
f:\my desktop\fyc_sdk\cximage\png\unicode_release\pngrutil.obj
f:\my desktop\fyc_sdk\cximage\png\unicode_release\pngset.obj
f:\my desktop\fyc_sdk\cximage\png\unicode_release\pngtrans.obj
f:\my desktop\fyc_sdk\cximage\png\unicode_release\pngvcrd.obj
f:\my desktop\fyc_sdk\cximage\png\unicode_release\pngwio.obj
f:\my desktop\fyc_sdk\cximage\png\unicode_release\pngwrite.obj
f:\my desktop\fyc_sdk\cximage\png\unicode_release\pngwtran.obj
f:\my desktop\fyc_sdk\cximage\png\unicode_release\pngwutil.obj
f:\my desktop\fyc_sdk\cximage\png\unicode_release\vc120.pdb
f:\my desktop\fyc_sdk\cximage\png\unicode_release\png.tlog\cl.command.1.tlog
f:\my desktop\fyc_sdk\cximage\png\unicode_release\png.tlog\cl.read.1.tlog
f:\my desktop\fyc_sdk\cximage\png\unicode_release\png.tlog\cl.write.1.tlog
f:\my desktop\fyc_sdk\cximage\png\unicode_release\png.tlog\lib-link.read.1.tlog
f:\my desktop\fyc_sdk\cximage\png\unicode_release\png.tlog\lib-link.write.1.tlog
f:\my desktop\fyc_sdk\cximage\png\unicode_release\png.tlog\lib.command.1.tlog
