f:\my desktop\fyc_sdk\dui窗体\release_unicode_vs2013\guifoundation.pch
f:\my desktop\fyc_sdk\dui窗体\release_unicode_vs2013\vc120.pdb
f:\my desktop\fyc_sdk\dui窗体\release_unicode_vs2013\stdafx.obj
f:\my desktop\fyc_sdk\dui窗体\release_unicode_vs2013\ycduiwindow.obj
f:\my desktop\fyc_sdk\dui窗体\release_unicode_vs2013\filterwnd.obj
f:\my desktop\fyc_sdk\库文件\unicode\guifoundation.lib
f:\my desktop\fyc_sdk\库文件\unicode\guifoundation.exp
f:\my desktop\fyc_sdk\运行\release\unicode\guifoundation.dll
f:\my desktop\fyc_sdk\dui窗体\release_unicode_vs2013\guifoundation.pdb
f:\my desktop\fyc_sdk\dui窗体\release_unicode_vs2013\guifoundation.res
f:\my desktop\fyc_sdk\dui窗体\release_unicode_vs2013\dui窗体.tlog\cl.command.1.tlog
f:\my desktop\fyc_sdk\dui窗体\release_unicode_vs2013\dui窗体.tlog\cl.read.1.tlog
f:\my desktop\fyc_sdk\dui窗体\release_unicode_vs2013\dui窗体.tlog\cl.write.1.tlog
f:\my desktop\fyc_sdk\dui窗体\release_unicode_vs2013\dui窗体.tlog\dui窗体.write.1u.tlog
f:\my desktop\fyc_sdk\dui窗体\release_unicode_vs2013\dui窗体.tlog\link.command.1.tlog
f:\my desktop\fyc_sdk\dui窗体\release_unicode_vs2013\dui窗体.tlog\link.read.1.tlog
f:\my desktop\fyc_sdk\dui窗体\release_unicode_vs2013\dui窗体.tlog\link.write.1.tlog
f:\my desktop\fyc_sdk\dui窗体\release_unicode_vs2013\dui窗体.tlog\rc.command.1.tlog
f:\my desktop\fyc_sdk\dui窗体\release_unicode_vs2013\dui窗体.tlog\rc.read.1.tlog
f:\my desktop\fyc_sdk\dui窗体\release_unicode_vs2013\dui窗体.tlog\rc.write.1.tlog
