生成启动时间为 2017/6/11 23:50:43。
     1>项目“F:\my desktop\FYC_SDK\DUI窗体\GuiFoundation.vcxproj”在节点 2 上(Build 个目标)。
     1>ClCompile:
         C:\Program Files (x86)\Microsoft Visual Studio 12.0\VC\bin\CL.exe /c /Zi /nologo /W3 /WX- /O2 /Oy- /D WIN32 /D _WINDOWS /D NDEBUG /D _AFXEXT /D GUI_FOUNDATION_DLL /D _UNICODE /D _WINDLL /D _UNICODE /D UNICODE /D _AFXDLL /Gm- /EHsc /MD /GS- /fp:precise /Zc:wchar_t /Zc:forScope /Yc"stdafx.h" /Fp"Release_Unicode_vs2013\GuiFoundation.pch" /Fo"Release_Unicode_vs2013\\" /Fd"Release_Unicode_vs2013\vc120.pdb" /Gd /TP /analyze- /errorReport:prompt Stdafx.cpp
         Stdafx.cpp
         C:\Program Files (x86)\Microsoft Visual Studio 12.0\VC\bin\CL.exe /c /Zi /nologo /W3 /WX- /O2 /Oy- /D WIN32 /D _WINDOWS /D NDEBUG /D _AFXEXT /D GUI_FOUNDATION_DLL /D _UNICODE /D _WINDLL /D _UNICODE /D UNICODE /D _AFXDLL /Gm- /EHsc /MD /GS- /fp:precise /Zc:wchar_t /Zc:forScope /Yu"stdafx.h" /Fp"Release_Unicode_vs2013\GuiFoundation.pch" /Fo"Release_Unicode_vs2013\\" /Fd"Release_Unicode_vs2013\vc120.pdb" /Gd /TP /analyze- /errorReport:prompt FilterWnd.cpp YCDuiWindow.cpp
         FilterWnd.cpp
         YCDuiWindow.cpp
         正在生成代码...
       ResourceCompile:
         C:\Program Files (x86)\Windows Kits\8.1\bin\x86\rc.exe /D NDEBUG /D _UNICODE /D UNICODE /D _AFXDLL /l"0x0804" /IRelease_Unicode_vs2013\ /nologo /fo"Release_Unicode_vs2013\GuiFoundation.res" GuiFoundation.rc 
     1>C:\Program Files (x86)\MSBuild\Microsoft.Cpp\v4.0\V120\Microsoft.CppBuild.targets(1186,5): warning MSB8012: TargetPath(F:\my desktop\FYC_SDK\DUI窗体\Release_Unicode_vs2013\GuiFoundation.dll) does not match the Linker's OutputFile property value (F:\my desktop\FYC_SDK\运行\Release\Unicode\GuiFoundation.dll). This may cause your project to build incorrectly. To correct this, please make sure that $(OutDir), $(TargetName) and $(TargetExt) property values match the value specified in %(Link.OutputFile).
       Link:
         C:\Program Files (x86)\Microsoft Visual Studio 12.0\VC\bin\link.exe /ERRORREPORT:PROMPT /OUT:"../运行/Release/Unicode/GuiFoundation.dll" /INCREMENTAL:NO /NOLOGO /DEF:".\GuiFoundation.def" /MANIFEST /MANIFESTUAC:"level='asInvoker' uiAccess='false'" /manifest:embed /manifestinput:"C:\Program Files (x86)\Microsoft Visual Studio 12.0\VC\Include\Manifest\dpiaware.manifest" /DEBUG /PDB:"Release_Unicode_vs2013\GuiFoundation.pdb" /SUBSYSTEM:WINDOWS /OPT:REF /OPT:ICF /TLBID:1 /DYNAMICBASE /NXCOMPAT /IMPLIB:"../库文件/Unicode/GuiFoundation.lib" /MACHINE:X86 /SAFESEH /DLL Release_Unicode_vs2013\GuiFoundation.res
         Release_Unicode_vs2013\FilterWnd.obj
         Release_Unicode_vs2013\Stdafx.obj
         Release_Unicode_vs2013\YCDuiWindow.obj
            正在创建库 ../库文件/Unicode/GuiFoundation.lib 和对象 ../库文件/Unicode/GuiFoundation.exp
         GuiFoundation.vcxproj -> F:\my desktop\FYC_SDK\DUI窗体\Release_Unicode_vs2013\GuiFoundation.dll
       PostBuildEvent:
         mkdir ..\发布\Release\Unicode
         copy /y ..\运行\Release\Unicode\GuiFoundation.dll ..\发布\Release\Unicode\GuiFoundation.dll
         
         :VCEnd
         子目录或文件 ..\发布\Release\Unicode 已经存在。
         已复制         1 个文件。
     1>已完成生成项目“F:\my desktop\FYC_SDK\DUI窗体\GuiFoundation.vcxproj”(Build 个目标)的操作。

生成成功。

已用时间 00:00:04.55
