f:\my desktop\fyc_sdk\tdxm\release\tdxm.pch
f:\my desktop\fyc_sdk\tdxm\release\stdafx.obj
f:\my desktop\fyc_sdk\tdxm\release\tdxmwnd.obj
f:\my desktop\fyc_sdk\tdxm\release\tdxmapp.obj
f:\my desktop\fyc_sdk\tdxm\release\tcpclient.obj
f:\my desktop\fyc_sdk\tdxm\release\task.obj
f:\my desktop\fyc_sdk\tdxm\release\dlgregaccount.obj
f:\my desktop\fyc_sdk\tdxm\release\dlgmodifyaccount.obj
f:\my desktop\fyc_sdk\tdxm\release\dlglogin.obj
f:\my desktop\fyc_sdk\运行\release\unicode\tdxm.exe
f:\my desktop\fyc_sdk\sdksln\release\tdxm.pdb
f:\my desktop\fyc_sdk\tdxm\release\tdxm.res
f:\my desktop\fyc_sdk\tdxm\release\cl.command.1.tlog
f:\my desktop\fyc_sdk\tdxm\release\cl.read.1.tlog
f:\my desktop\fyc_sdk\tdxm\release\cl.write.1.tlog
f:\my desktop\fyc_sdk\tdxm\release\link-cvtres.read.1.tlog
f:\my desktop\fyc_sdk\tdxm\release\link-cvtres.write.1.tlog
f:\my desktop\fyc_sdk\tdxm\release\link.command.1.tlog
f:\my desktop\fyc_sdk\tdxm\release\link.read.1.tlog
f:\my desktop\fyc_sdk\tdxm\release\link.write.1.tlog
f:\my desktop\fyc_sdk\tdxm\release\rc.command.1.tlog
f:\my desktop\fyc_sdk\tdxm\release\rc.read.1.tlog
f:\my desktop\fyc_sdk\tdxm\release\rc.write.1.tlog
f:\my desktop\fyc_sdk\tdxm\release\tdxm.write.1.tlog
