生成启动时间为 2017/6/12 0:21:23。
     1>项目“F:\my desktop\FYC_SDK\TDXM\TDXM.vcxproj”在节点 2 上(Build 个目标)。
     1>ClCompile:
         C:\Program Files (x86)\Microsoft Visual Studio 7.1\Vc7\bin\CL.exe /c /nologo /W3 /WX- /O2 /Oi /Oy- /D WIN32 /D _WINDOWS /D NDEBUG /D _UNICODE /D UNICODE /D _AFXDLL /EHsc /MD /Gy /Zc:wchar_t /Yc"StdAfx.h" /Fp"Release\TDXM.pch" /Fo"Release\\" /Gd /TP stdafx.cpp
         stdafx.cpp
     1>f:\my desktop\FYC_SDK\TDXM\ClientDefine.h(6): warning C4114: 多次使用同一类型限定符
     1>f:\my desktop\FYC_SDK\TDXM\ClientDefine.h(18): warning C4114: 多次使用同一类型限定符
     1>f:\my desktop\FYC_SDK\TDXM\ClientDefine.h(61): warning C4114: 多次使用同一类型限定符
         C:\Program Files (x86)\Microsoft Visual Studio 7.1\Vc7\bin\CL.exe /c /nologo /W3 /WX- /O2 /Oi /Oy- /D WIN32 /D _WINDOWS /D NDEBUG /D _UNICODE /D UNICODE /D _AFXDLL /EHsc /MD /Gy /Zc:wchar_t /Yu"StdAfx.h" /Fp"Release\TDXM.pch" /Fo"Release\\" /Gd /TP DlgLogIn.cpp DlgModifyAccount.cpp DlgRegAccount.cpp Task.cpp TcpClient.cpp TDXMApp.cpp TDXMWnd.cpp
         DlgLogIn.cpp
     1>f:\my desktop\FYC_SDK\CommonModul\Rsa.h(45): warning C4114: 多次使用同一类型限定符
     1>f:\my desktop\FYC_SDK\CommonModul\Rsa.h(46): warning C4114: 多次使用同一类型限定符
         DlgModifyAccount.cpp
     1>f:\my desktop\FYC_SDK\CommonModul\Rsa.h(45): warning C4114: 多次使用同一类型限定符
     1>f:\my desktop\FYC_SDK\CommonModul\Rsa.h(46): warning C4114: 多次使用同一类型限定符
         DlgRegAccount.cpp
     1>f:\my desktop\FYC_SDK\CommonModul\Rsa.h(45): warning C4114: 多次使用同一类型限定符
     1>f:\my desktop\FYC_SDK\CommonModul\Rsa.h(46): warning C4114: 多次使用同一类型限定符
         Task.cpp
     1>f:\my desktop\FYC_SDK\CommonModul\Rsa.h(45): warning C4114: 多次使用同一类型限定符
     1>f:\my desktop\FYC_SDK\CommonModul\Rsa.h(46): warning C4114: 多次使用同一类型限定符
         TcpClient.cpp
     1>f:\my desktop\FYC_SDK\CommonModul\Rsa.h(45): warning C4114: 多次使用同一类型限定符
     1>f:\my desktop\FYC_SDK\CommonModul\Rsa.h(46): warning C4114: 多次使用同一类型限定符
         TDXMApp.cpp
     1>f:\my desktop\FYC_SDK\CommonModul\Rsa.h(45): warning C4114: 多次使用同一类型限定符
     1>f:\my desktop\FYC_SDK\CommonModul\Rsa.h(46): warning C4114: 多次使用同一类型限定符
         TDXMWnd.cpp
     1>f:\my desktop\FYC_SDK\CommonModul\Rsa.h(45): warning C4114: 多次使用同一类型限定符
     1>f:\my desktop\FYC_SDK\CommonModul\Rsa.h(46): warning C4114: 多次使用同一类型限定符
     1>TDXMWnd.cpp(285): warning C4060: switch 语句没有包含“case”或“default”标签
         正在生成代码...
       ResourceCompile:
         C:\Program Files (x86)\Microsoft Visual Studio 7.1\Vc7\bin\rc.exe /D NDEBUG /D _UNICODE /D UNICODE /D _AFXDLL /l"0x0804" /IRelease\ /fo"Release\TDXM.res" TDXM.rc 
     1>C:\Program Files (x86)\MSBuild\Microsoft.Cpp\v4.0\Microsoft.CppBuild.targets(990,5): warning MSB8012: TargetPath(F:\my desktop\FYC_SDK\SDKSLN\Release\TDXM.exe) 与 Linker 的 OutputFile 属性值(F:\my desktop\FYC_SDK\运行\Release\Unicode\TDXM.exe)不匹配。这可能导致项目生成不正确。若要更正此问题，请确保 $(OutDir)、$(TargetName) 和 $(TargetExt) 属性值与 %(Link.OutputFile) 中指定的值匹配。
       Link:
         C:\Program Files (x86)\Microsoft Visual Studio 7.1\Vc7\bin\link.exe /OUT:"../运行/Release/Unicode/TDXM.exe" /INCREMENTAL:NO /NOLOGO /DEBUG /PDB:"F:\my desktop\FYC_SDK\SDKSLN\Release\TDXM.pdb" /SUBSYSTEM:WINDOWS /OPT:REF /OPT:ICF /TLBID:1 /ENTRY:"wWinMainCRTStartup" /IMPLIB:"F:\my desktop\FYC_SDK\SDKSLN\Release\TDXM.lib" /MACHINE:X86 Release\TDXM.res
         Release\DlgLogIn.obj
         Release\DlgModifyAccount.obj
         Release\DlgRegAccount.obj
         Release\stdafx.obj
         Release\Task.obj
         Release\TcpClient.obj
         Release\TDXMApp.obj
         Release\TDXMWnd.obj
         "F:\my desktop\FYC_SDK\库文件\Unicode\GuiFoundation.lib"
         "F:\my desktop\FYC_SDK\库文件\Unicode\YCImage.lib"
     1>LINK : warning LNK4089: /OPT:REF 已丢弃所有对“OLEAUT32.dll”的引用
         TDXM.vcxproj -> F:\my desktop\FYC_SDK\SDKSLN\Release\TDXM.exe
       PostBuildEvent:
         mkdir ..\发布\Release\Unicode\
         copy /y ..\运行\Release\Unicode\TDXM.exe ..\发布\Release\Unicode\TDXM.exe
         
         :VCEnd
         子目录或文件 ..\发布\Release\Unicode\ 已经存在。
         已复制         1 个文件。
     1>已完成生成项目“F:\my desktop\FYC_SDK\TDXM\TDXM.vcxproj”(Build 个目标)的操作。

生成成功。

已用时间 00:00:06.05
