d:\my desktop\fyc_sdk\cximage\zlib\unicode_release\vc120.pdb
d:\my desktop\fyc_sdk\cximage\zlib\unicode_release\zutil.obj
d:\my desktop\fyc_sdk\cximage\zlib\unicode_release\uncompr.obj
d:\my desktop\fyc_sdk\cximage\zlib\unicode_release\trees.obj
d:\my desktop\fyc_sdk\cximage\zlib\unicode_release\inftrees.obj
d:\my desktop\fyc_sdk\cximage\zlib\unicode_release\inflate.obj
d:\my desktop\fyc_sdk\cximage\zlib\unicode_release\inffast.obj
d:\my desktop\fyc_sdk\cximage\zlib\unicode_release\infback.obj
d:\my desktop\fyc_sdk\cximage\zlib\unicode_release\gzio.obj
d:\my desktop\fyc_sdk\cximage\zlib\unicode_release\deflate.obj
d:\my desktop\fyc_sdk\cximage\zlib\unicode_release\crc32.obj
d:\my desktop\fyc_sdk\cximage\zlib\unicode_release\compress.obj
d:\my desktop\fyc_sdk\cximage\zlib\unicode_release\adler32.obj
d:\my desktop\fyc_sdk\cximage\lib\zlib.lib
f:\my desktop\fyc_sdk\cximage\zlib\unicode_release\adler32.obj
f:\my desktop\fyc_sdk\cximage\zlib\unicode_release\compress.obj
f:\my desktop\fyc_sdk\cximage\zlib\unicode_release\crc32.obj
f:\my desktop\fyc_sdk\cximage\zlib\unicode_release\deflate.obj
f:\my desktop\fyc_sdk\cximage\zlib\unicode_release\gzio.obj
f:\my desktop\fyc_sdk\cximage\zlib\unicode_release\infback.obj
f:\my desktop\fyc_sdk\cximage\zlib\unicode_release\inffast.obj
f:\my desktop\fyc_sdk\cximage\zlib\unicode_release\inflate.obj
f:\my desktop\fyc_sdk\cximage\zlib\unicode_release\inftrees.obj
f:\my desktop\fyc_sdk\cximage\zlib\unicode_release\trees.obj
f:\my desktop\fyc_sdk\cximage\zlib\unicode_release\uncompr.obj
f:\my desktop\fyc_sdk\cximage\zlib\unicode_release\zutil.obj
f:\my desktop\fyc_sdk\cximage\zlib\unicode_release\vc120.pdb
f:\my desktop\fyc_sdk\cximage\zlib\unicode_release\zlib.tlog\cl.command.1.tlog
f:\my desktop\fyc_sdk\cximage\zlib\unicode_release\zlib.tlog\cl.read.1.tlog
f:\my desktop\fyc_sdk\cximage\zlib\unicode_release\zlib.tlog\cl.write.1.tlog
f:\my desktop\fyc_sdk\cximage\zlib\unicode_release\zlib.tlog\lib-link.read.1.tlog
f:\my desktop\fyc_sdk\cximage\zlib\unicode_release\zlib.tlog\lib-link.write.1.tlog
f:\my desktop\fyc_sdk\cximage\zlib\unicode_release\zlib.tlog\lib.command.1.tlog
