生成启动时间为 2017/6/11 2:43:49。
     1>项目“F:\my desktop\FYC_SDK\CxImage\zlib\zlib.vcxproj”在节点 3 上(Build 个目标)。
     1>ClCompile:
         C:\Program Files (x86)\Microsoft Visual Studio 12.0\VC\bin\CL.exe /c /Zi /nologo /W3 /WX- /O2 /Oy- /D _WINDOWS /D WIN32 /D NDEBUG /D UNICODE /D _CRT_SECURE_NO_DEPRECATE /D _VC80_UPGRADE=0x0600 /D _UNICODE /D UNICODE /D _AFXDLL /GF /Gm- /EHsc /MD /GS- /Gy /fp:precise /Zc:wchar_t /Zc:forScope /Fo".\Unicode_Release\\" /Fd".\Unicode_Release\vc120.pdb" /Gd /TC /analyze- /errorReport:prompt adler32.c compress.c crc32.c deflate.c gzio.c infback.c inffast.c inflate.c inftrees.c trees.c uncompr.c zutil.c
         adler32.c
         compress.c
         crc32.c
         deflate.c
         gzio.c
         infback.c
         inffast.c
         inflate.c
         inftrees.c
         trees.c
         uncompr.c
         zutil.c
         正在生成代码...
     1>C:\Program Files (x86)\MSBuild\Microsoft.Cpp\v4.0\V120\Microsoft.CppBuild.targets(1354,5): warning MSB8012: TargetPath(F:\my desktop\FYC_SDK\CxImage\zlib\.\Unicode_Release\zlib.lib) does not match the Library's OutputFile property value (F:\my desktop\FYC_SDK\CxImage\lib\zlib.lib). This may cause your project to build incorrectly. To correct this, please make sure that $(OutDir), $(TargetName) and $(TargetExt) property values match the value specified in %(Lib.OutputFile).
       Lib:
         C:\Program Files (x86)\Microsoft Visual Studio 12.0\VC\bin\Lib.exe /OUT:"..\lib\zlib.lib" /NOLOGO .\Unicode_Release\adler32.obj
         .\Unicode_Release\compress.obj
         .\Unicode_Release\crc32.obj
         .\Unicode_Release\deflate.obj
         .\Unicode_Release\gzio.obj
         .\Unicode_Release\infback.obj
         .\Unicode_Release\inffast.obj
         .\Unicode_Release\inflate.obj
         .\Unicode_Release\inftrees.obj
         .\Unicode_Release\trees.obj
         .\Unicode_Release\uncompr.obj
         .\Unicode_Release\zutil.obj
         zlib.vcxproj -> F:\my desktop\FYC_SDK\CxImage\zlib\.\Unicode_Release\zlib.lib
     1>已完成生成项目“F:\my desktop\FYC_SDK\CxImage\zlib\zlib.vcxproj”(Build 个目标)的操作。

生成成功。

已用时间 00:00:03.38
