d:\my desktop\fyc_sdk\imagemethod\release\vc71.pdb
d:\my desktop\fyc_sdk\imagemethod\release\stdafx.obj
d:\my desktop\fyc_sdk\imagemethod\release\ycimage.obj
d:\my desktop\fyc_sdk\imagemethod\release\pngimage.obj
d:\my desktop\fyc_sdk\imagemethod\release\bitimage.obj
d:\my desktop\fyc_sdk\库文件\ycimage.lib
d:\my desktop\fyc_sdk\库文件\ycimage.exp
d:\my desktop\fyc_sdk\运行\release\ansi\ycimage.dll
d:\my desktop\fyc_sdk\imagemethod\release\imagemethod.pdb
d:\my desktop\fyc_sdk\imagemethod\release\ycimage.res
d:\my desktop\fyc_sdk\imagemethod\release\cl.command.1.tlog
d:\my desktop\fyc_sdk\imagemethod\release\cl.read.1.tlog
d:\my desktop\fyc_sdk\imagemethod\release\cl.write.1.tlog
d:\my desktop\fyc_sdk\imagemethod\release\imagemethod.write.1.tlog
d:\my desktop\fyc_sdk\imagemethod\release\link-cvtres.read.1.tlog
d:\my desktop\fyc_sdk\imagemethod\release\link-cvtres.write.1.tlog
d:\my desktop\fyc_sdk\imagemethod\release\link.1580-cvtres.read.1.tlog
d:\my desktop\fyc_sdk\imagemethod\release\link.1580-cvtres.write.1.tlog
d:\my desktop\fyc_sdk\imagemethod\release\link.1580.read.1.tlog
d:\my desktop\fyc_sdk\imagemethod\release\link.1580.write.1.tlog
d:\my desktop\fyc_sdk\imagemethod\release\link.1744-cvtres.read.1.tlog
d:\my desktop\fyc_sdk\imagemethod\release\link.1744-cvtres.write.1.tlog
d:\my desktop\fyc_sdk\imagemethod\release\link.1744.read.1.tlog
d:\my desktop\fyc_sdk\imagemethod\release\link.1744.write.1.tlog
d:\my desktop\fyc_sdk\imagemethod\release\link.command.1.tlog
d:\my desktop\fyc_sdk\imagemethod\release\link.read.1.tlog
d:\my desktop\fyc_sdk\imagemethod\release\link.write.1.tlog
d:\my desktop\fyc_sdk\imagemethod\release\rc.command.1.tlog
d:\my desktop\fyc_sdk\imagemethod\release\rc.read.1.tlog
d:\my desktop\fyc_sdk\imagemethod\release\rc.write.1.tlog
d:\my desktop\fyc_sdk\imagemethod\release\imagemethod.pch
