生成启动时间为 2017/6/11 2:43:41。
     1>项目“F:\my desktop\FYC_SDK\CxImage\jpeg\Jpeg.vcxproj”在节点 2 上(Build 个目标)。
     1>ClCompile:
         C:\Program Files (x86)\Microsoft Visual Studio 12.0\VC\bin\CL.exe /c /Zi /nologo /W3 /WX- /O2 /Oy- /D _WINDOWS /D WIN32 /D NDEBUG /D UNICODE /D _CRT_SECURE_NO_DEPRECATE /D _VC80_UPGRADE=0x0600 /D _UNICODE /D UNICODE /D _AFXDLL /GF /Gm- /EHsc /MD /GS- /Gy /fp:precise /Zc:wchar_t /Zc:forScope /Fo".\Unicode_Release\\" /Fd".\Unicode_Release\vc120.pdb" /Gd /TC /analyze- /errorReport:prompt Jcapimin.c Jcapistd.c Jccoefct.c Jccolor.c Jcdctmgr.c Jchuff.c Jcinit.c Jcmainct.c Jcmarker.c Jcmaster.c Jcomapi.c Jcparam.c Jcphuff.c Jcprepct.c Jcsample.c Jctrans.c Jdapimin.c Jdapistd.c Jdatadst.c Jdatasrc.c Jdcoefct.c Jdcolor.c Jddctmgr.c Jdhuff.c Jdinput.c Jdmainct.c Jdmarker.c Jdmaster.c Jdmerge.c Jdphuff.c Jdpostct.c Jdsample.c Jdtrans.c Jerror.c Jfdctflt.c Jfdctfst.c Jfdctint.c Jidctflt.c Jidctfst.c Jidctint.c Jidctred.c Jmemmgr.c Jmemnobs.c Jquant1.c Jquant2.c Jutils.c
         Jcapimin.c
         Jcapistd.c
         Jccoefct.c
         Jccolor.c
         Jcdctmgr.c
         Jchuff.c
         Jcinit.c
         Jcmainct.c
         Jcmarker.c
         Jcmaster.c
         Jcomapi.c
         Jcparam.c
         Jcphuff.c
         Jcprepct.c
         Jcsample.c
         Jctrans.c
         Jdapimin.c
         Jdapistd.c
         Jdatadst.c
         Jdatasrc.c
         正在生成代码...
         正在编译...
         Jdcoefct.c
         Jdcolor.c
         Jddctmgr.c
         Jdhuff.c
         Jdinput.c
         Jdmainct.c
         Jdmarker.c
         Jdmaster.c
         Jdmerge.c
         Jdphuff.c
         Jdpostct.c
         Jdsample.c
         Jdtrans.c
         Jerror.c
         Jfdctflt.c
         Jfdctfst.c
         Jfdctint.c
         Jidctflt.c
         Jidctfst.c
         Jidctint.c
         正在生成代码...
         正在编译...
         Jidctred.c
         Jmemmgr.c
         Jmemnobs.c
         Jquant1.c
         Jquant2.c
         Jutils.c
         正在生成代码...
     1>C:\Program Files (x86)\MSBuild\Microsoft.Cpp\v4.0\V120\Microsoft.CppBuild.targets(1354,5): warning MSB8012: TargetPath(F:\my desktop\FYC_SDK\CxImage\jpeg\.\Unicode_Release\jpeg.lib) does not match the Library's OutputFile property value (F:\my desktop\FYC_SDK\CxImage\lib\Jpeg.lib). This may cause your project to build incorrectly. To correct this, please make sure that $(OutDir), $(TargetName) and $(TargetExt) property values match the value specified in %(Lib.OutputFile).
       Lib:
         C:\Program Files (x86)\Microsoft Visual Studio 12.0\VC\bin\Lib.exe /OUT:"..\lib\Jpeg.lib" /NOLOGO .\Unicode_Release\Jcapimin.obj
         .\Unicode_Release\Jcapistd.obj
         .\Unicode_Release\Jccoefct.obj
         .\Unicode_Release\Jccolor.obj
         .\Unicode_Release\Jcdctmgr.obj
         .\Unicode_Release\Jchuff.obj
         .\Unicode_Release\Jcinit.obj
         .\Unicode_Release\Jcmainct.obj
         .\Unicode_Release\Jcmarker.obj
         .\Unicode_Release\Jcmaster.obj
         .\Unicode_Release\Jcomapi.obj
         .\Unicode_Release\Jcparam.obj
         .\Unicode_Release\Jcphuff.obj
         .\Unicode_Release\Jcprepct.obj
         .\Unicode_Release\Jcsample.obj
         .\Unicode_Release\Jctrans.obj
         .\Unicode_Release\Jdapimin.obj
         .\Unicode_Release\Jdapistd.obj
         .\Unicode_Release\Jdatadst.obj
         .\Unicode_Release\Jdatasrc.obj
         .\Unicode_Release\Jdcoefct.obj
         .\Unicode_Release\Jdcolor.obj
         .\Unicode_Release\Jddctmgr.obj
         .\Unicode_Release\Jdhuff.obj
         .\Unicode_Release\Jdinput.obj
         .\Unicode_Release\Jdmainct.obj
         .\Unicode_Release\Jdmarker.obj
         .\Unicode_Release\Jdmaster.obj
         .\Unicode_Release\Jdmerge.obj
         .\Unicode_Release\Jdphuff.obj
         .\Unicode_Release\Jdpostct.obj
         .\Unicode_Release\Jdsample.obj
         .\Unicode_Release\Jdtrans.obj
         .\Unicode_Release\Jerror.obj
         .\Unicode_Release\Jfdctflt.obj
         .\Unicode_Release\Jfdctfst.obj
         .\Unicode_Release\Jfdctint.obj
         .\Unicode_Release\Jidctflt.obj
         .\Unicode_Release\Jidctfst.obj
         .\Unicode_Release\Jidctint.obj
         .\Unicode_Release\Jidctred.obj
         .\Unicode_Release\Jmemmgr.obj
         .\Unicode_Release\Jmemnobs.obj
         .\Unicode_Release\Jquant1.obj
         .\Unicode_Release\Jquant2.obj
         .\Unicode_Release\Jutils.obj
         Jpeg.vcxproj -> F:\my desktop\FYC_SDK\CxImage\jpeg\.\Unicode_Release\jpeg.lib
     1>已完成生成项目“F:\my desktop\FYC_SDK\CxImage\jpeg\Jpeg.vcxproj”(Build 个目标)的操作。

生成成功。

已用时间 00:00:07.74
