d:\my desktop\fyc_sdk\cximage\jpeg\unicode_release\vc120.pdb
d:\my desktop\fyc_sdk\cximage\jpeg\unicode_release\jdatasrc.obj
d:\my desktop\fyc_sdk\cximage\jpeg\unicode_release\jdatadst.obj
d:\my desktop\fyc_sdk\cximage\jpeg\unicode_release\jdapistd.obj
d:\my desktop\fyc_sdk\cximage\jpeg\unicode_release\jdapimin.obj
d:\my desktop\fyc_sdk\cximage\jpeg\unicode_release\jctrans.obj
d:\my desktop\fyc_sdk\cximage\jpeg\unicode_release\jcsample.obj
d:\my desktop\fyc_sdk\cximage\jpeg\unicode_release\jcprepct.obj
d:\my desktop\fyc_sdk\cximage\jpeg\unicode_release\jcphuff.obj
d:\my desktop\fyc_sdk\cximage\jpeg\unicode_release\jcparam.obj
d:\my desktop\fyc_sdk\cximage\jpeg\unicode_release\jcomapi.obj
d:\my desktop\fyc_sdk\cximage\jpeg\unicode_release\jcmaster.obj
d:\my desktop\fyc_sdk\cximage\jpeg\unicode_release\jcmarker.obj
d:\my desktop\fyc_sdk\cximage\jpeg\unicode_release\jcmainct.obj
d:\my desktop\fyc_sdk\cximage\jpeg\unicode_release\jcinit.obj
d:\my desktop\fyc_sdk\cximage\jpeg\unicode_release\jchuff.obj
d:\my desktop\fyc_sdk\cximage\jpeg\unicode_release\jcdctmgr.obj
d:\my desktop\fyc_sdk\cximage\jpeg\unicode_release\jccolor.obj
d:\my desktop\fyc_sdk\cximage\jpeg\unicode_release\jccoefct.obj
d:\my desktop\fyc_sdk\cximage\jpeg\unicode_release\jcapistd.obj
d:\my desktop\fyc_sdk\cximage\jpeg\unicode_release\jcapimin.obj
d:\my desktop\fyc_sdk\cximage\jpeg\unicode_release\jidctint.obj
d:\my desktop\fyc_sdk\cximage\jpeg\unicode_release\jidctfst.obj
d:\my desktop\fyc_sdk\cximage\jpeg\unicode_release\jidctflt.obj
d:\my desktop\fyc_sdk\cximage\jpeg\unicode_release\jfdctint.obj
d:\my desktop\fyc_sdk\cximage\jpeg\unicode_release\jfdctfst.obj
d:\my desktop\fyc_sdk\cximage\jpeg\unicode_release\jfdctflt.obj
d:\my desktop\fyc_sdk\cximage\jpeg\unicode_release\jerror.obj
d:\my desktop\fyc_sdk\cximage\jpeg\unicode_release\jdtrans.obj
d:\my desktop\fyc_sdk\cximage\jpeg\unicode_release\jdsample.obj
d:\my desktop\fyc_sdk\cximage\jpeg\unicode_release\jdpostct.obj
d:\my desktop\fyc_sdk\cximage\jpeg\unicode_release\jdphuff.obj
d:\my desktop\fyc_sdk\cximage\jpeg\unicode_release\jdmerge.obj
d:\my desktop\fyc_sdk\cximage\jpeg\unicode_release\jdmaster.obj
d:\my desktop\fyc_sdk\cximage\jpeg\unicode_release\jdmarker.obj
d:\my desktop\fyc_sdk\cximage\jpeg\unicode_release\jdmainct.obj
d:\my desktop\fyc_sdk\cximage\jpeg\unicode_release\jdinput.obj
d:\my desktop\fyc_sdk\cximage\jpeg\unicode_release\jdhuff.obj
d:\my desktop\fyc_sdk\cximage\jpeg\unicode_release\jddctmgr.obj
d:\my desktop\fyc_sdk\cximage\jpeg\unicode_release\jdcolor.obj
d:\my desktop\fyc_sdk\cximage\jpeg\unicode_release\jdcoefct.obj
d:\my desktop\fyc_sdk\cximage\jpeg\unicode_release\jutils.obj
d:\my desktop\fyc_sdk\cximage\jpeg\unicode_release\jquant2.obj
d:\my desktop\fyc_sdk\cximage\jpeg\unicode_release\jquant1.obj
d:\my desktop\fyc_sdk\cximage\jpeg\unicode_release\jmemnobs.obj
d:\my desktop\fyc_sdk\cximage\jpeg\unicode_release\jmemmgr.obj
d:\my desktop\fyc_sdk\cximage\jpeg\unicode_release\jidctred.obj
d:\my desktop\fyc_sdk\cximage\lib\jpeg.lib
f:\my desktop\fyc_sdk\cximage\jpeg\unicode_release\jcapimin.obj
f:\my desktop\fyc_sdk\cximage\jpeg\unicode_release\jcapistd.obj
f:\my desktop\fyc_sdk\cximage\jpeg\unicode_release\jccoefct.obj
f:\my desktop\fyc_sdk\cximage\jpeg\unicode_release\jccolor.obj
f:\my desktop\fyc_sdk\cximage\jpeg\unicode_release\jcdctmgr.obj
f:\my desktop\fyc_sdk\cximage\jpeg\unicode_release\jchuff.obj
f:\my desktop\fyc_sdk\cximage\jpeg\unicode_release\jcinit.obj
f:\my desktop\fyc_sdk\cximage\jpeg\unicode_release\jcmainct.obj
f:\my desktop\fyc_sdk\cximage\jpeg\unicode_release\jcmarker.obj
f:\my desktop\fyc_sdk\cximage\jpeg\unicode_release\jcmaster.obj
f:\my desktop\fyc_sdk\cximage\jpeg\unicode_release\jcomapi.obj
f:\my desktop\fyc_sdk\cximage\jpeg\unicode_release\jcparam.obj
f:\my desktop\fyc_sdk\cximage\jpeg\unicode_release\jcphuff.obj
f:\my desktop\fyc_sdk\cximage\jpeg\unicode_release\jcprepct.obj
f:\my desktop\fyc_sdk\cximage\jpeg\unicode_release\jcsample.obj
f:\my desktop\fyc_sdk\cximage\jpeg\unicode_release\jctrans.obj
f:\my desktop\fyc_sdk\cximage\jpeg\unicode_release\jdapimin.obj
f:\my desktop\fyc_sdk\cximage\jpeg\unicode_release\jdapistd.obj
f:\my desktop\fyc_sdk\cximage\jpeg\unicode_release\jdatadst.obj
f:\my desktop\fyc_sdk\cximage\jpeg\unicode_release\jdatasrc.obj
f:\my desktop\fyc_sdk\cximage\jpeg\unicode_release\jdcoefct.obj
f:\my desktop\fyc_sdk\cximage\jpeg\unicode_release\jdcolor.obj
f:\my desktop\fyc_sdk\cximage\jpeg\unicode_release\jddctmgr.obj
f:\my desktop\fyc_sdk\cximage\jpeg\unicode_release\jdhuff.obj
f:\my desktop\fyc_sdk\cximage\jpeg\unicode_release\jdinput.obj
f:\my desktop\fyc_sdk\cximage\jpeg\unicode_release\jdmainct.obj
f:\my desktop\fyc_sdk\cximage\jpeg\unicode_release\jdmarker.obj
f:\my desktop\fyc_sdk\cximage\jpeg\unicode_release\jdmaster.obj
f:\my desktop\fyc_sdk\cximage\jpeg\unicode_release\jdmerge.obj
f:\my desktop\fyc_sdk\cximage\jpeg\unicode_release\jdphuff.obj
f:\my desktop\fyc_sdk\cximage\jpeg\unicode_release\jdpostct.obj
f:\my desktop\fyc_sdk\cximage\jpeg\unicode_release\jdsample.obj
f:\my desktop\fyc_sdk\cximage\jpeg\unicode_release\jdtrans.obj
f:\my desktop\fyc_sdk\cximage\jpeg\unicode_release\jerror.obj
f:\my desktop\fyc_sdk\cximage\jpeg\unicode_release\jfdctflt.obj
f:\my desktop\fyc_sdk\cximage\jpeg\unicode_release\jfdctfst.obj
f:\my desktop\fyc_sdk\cximage\jpeg\unicode_release\jfdctint.obj
f:\my desktop\fyc_sdk\cximage\jpeg\unicode_release\jidctflt.obj
f:\my desktop\fyc_sdk\cximage\jpeg\unicode_release\jidctfst.obj
f:\my desktop\fyc_sdk\cximage\jpeg\unicode_release\jidctint.obj
f:\my desktop\fyc_sdk\cximage\jpeg\unicode_release\jidctred.obj
f:\my desktop\fyc_sdk\cximage\jpeg\unicode_release\jmemmgr.obj
f:\my desktop\fyc_sdk\cximage\jpeg\unicode_release\jmemnobs.obj
f:\my desktop\fyc_sdk\cximage\jpeg\unicode_release\jquant1.obj
f:\my desktop\fyc_sdk\cximage\jpeg\unicode_release\jquant2.obj
f:\my desktop\fyc_sdk\cximage\jpeg\unicode_release\jutils.obj
f:\my desktop\fyc_sdk\cximage\jpeg\unicode_release\vc120.pdb
f:\my desktop\fyc_sdk\cximage\jpeg\unicode_release\jpeg.tlog\cl.command.1.tlog
f:\my desktop\fyc_sdk\cximage\jpeg\unicode_release\jpeg.tlog\cl.read.1.tlog
f:\my desktop\fyc_sdk\cximage\jpeg\unicode_release\jpeg.tlog\cl.write.1.tlog
f:\my desktop\fyc_sdk\cximage\jpeg\unicode_release\jpeg.tlog\lib-link.read.1.tlog
f:\my desktop\fyc_sdk\cximage\jpeg\unicode_release\jpeg.tlog\lib-link.write.1.tlog
f:\my desktop\fyc_sdk\cximage\jpeg\unicode_release\jpeg.tlog\lib.command.1.tlog
