生成启动时间为 2017/6/11 23:51:21。
     1>项目“F:\my desktop\FYC_SDK\Thread\Thread.vcxproj”在节点 2 上(Build 个目标)。
     1>ClCompile:
         C:\Program Files (x86)\Microsoft Visual Studio 12.0\VC\bin\CL.exe /c /Zi /nologo /W3 /WX- /sdl- /O2 /Oi /Oy- /D WIN32 /D _WINDOWS /D NDEBUG /D _AFXEXT /D THREAD_DLL /D _UNICODE /D _WINDLL /D _UNICODE /D UNICODE /D _AFXDLL /Gm- /EHsc /MD /GS- /Gy /fp:precise /Zc:wchar_t /Zc:forScope /Yc"stdafx.h" /Fp"Release_Unicode_vs2013\Thread.pch" /Fo"Release_Unicode_vs2013\\" /Fd"Release_Unicode_vs2013\vc120.pdb" /Gd /TP /analyze- /errorReport:prompt Stdafx.cpp ThreadPool.cpp
     1>cl : 命令行 warning D9025: 正在重写“/sdl-”(用“/GS-”)
         Stdafx.cpp
         ThreadPool.cpp
       ResourceCompile:
         C:\Program Files (x86)\Windows Kits\8.1\bin\x86\rc.exe /D _UNICODE /D UNICODE /D _AFXDLL /l"0x0409" /nologo /fo"Release_Unicode_vs2013\Thread.res" Thread.rc 
     1>C:\Program Files (x86)\MSBuild\Microsoft.Cpp\v4.0\V120\Microsoft.CppBuild.targets(1186,5): warning MSB8012: TargetPath(F:\my desktop\FYC_SDK\SDKSLN\Release_Unicode_vs2013\Thread.dll) does not match the Linker's OutputFile property value (F:\my desktop\FYC_SDK\运行\Release\Unicode\Thread.dll). This may cause your project to build incorrectly. To correct this, please make sure that $(OutDir), $(TargetName) and $(TargetExt) property values match the value specified in %(Link.OutputFile).
       Link:
         C:\Program Files (x86)\Microsoft Visual Studio 12.0\VC\bin\link.exe /ERRORREPORT:PROMPT /OUT:"../运行/Release/Unicode/Thread.dll" /NOLOGO /DEF:"./Thread.def" /MANIFEST /MANIFESTUAC:"level='asInvoker' uiAccess='false'" /manifest:embed /manifestinput:"C:\Program Files (x86)\Microsoft Visual Studio 12.0\VC\Include\Manifest\dpiaware.manifest" /DEBUG /PDB:"F:\my desktop\FYC_SDK\SDKSLN\Release_Unicode_vs2013\Thread.pdb" /OPT:REF /OPT:ICF /TLBID:1 /DYNAMICBASE /NXCOMPAT /IMPLIB:"../库文件/Unicode/Thread.lib" /MACHINE:X86 /SAFESEH /DLL Release_Unicode_vs2013\Thread.res
         Release_Unicode_vs2013\Stdafx.obj
         Release_Unicode_vs2013\ThreadPool.obj
            正在创建库 ../库文件/Unicode/Thread.lib 和对象 ../库文件/Unicode/Thread.exp
         Thread.vcxproj -> F:\my desktop\FYC_SDK\SDKSLN\Release_Unicode_vs2013\Thread.dll
       PostBuildEvent:
         mkdir ..\发布\Release\Unicode\
         copy /y ..\运行\Release\Unicode\Thread.dll ..\开发环境\开发环境构建\Thread.dll
         copy /y ..\运行\Release\Unicode\Thread.dll ..\发布\Release\Unicode\Thread.dll
         
         :VCEnd
         子目录或文件 ..\发布\Release\Unicode\ 已经存在。
         已复制         1 个文件。
         已复制         1 个文件。
     1>已完成生成项目“F:\my desktop\FYC_SDK\Thread\Thread.vcxproj”(Build 个目标)的操作。

生成成功。

已用时间 00:00:04.79
