f:\my desktop\fyc_sdk\thread\release\thread.pch
f:\my desktop\fyc_sdk\thread\release\stdafx.obj
f:\my desktop\fyc_sdk\thread\release\threadpool.obj
f:\my desktop\fyc_sdk\运行\release\unicode\thread.dll
f:\my desktop\fyc_sdk\sdksln\release\thread.pdb
f:\my desktop\fyc_sdk\thread\release\thread.res
f:\my desktop\fyc_sdk\库文件\unicode\thread.lib
f:\my desktop\fyc_sdk\库文件\unicode\thread.exp
f:\my desktop\fyc_sdk\thread\release\cl.command.1.tlog
f:\my desktop\fyc_sdk\thread\release\cl.read.1.tlog
f:\my desktop\fyc_sdk\thread\release\cl.write.1.tlog
f:\my desktop\fyc_sdk\thread\release\link-cvtres.read.1.tlog
f:\my desktop\fyc_sdk\thread\release\link-cvtres.write.1.tlog
f:\my desktop\fyc_sdk\thread\release\link.8204-cvtres.read.1.tlog
f:\my desktop\fyc_sdk\thread\release\link.8204-cvtres.write.1.tlog
f:\my desktop\fyc_sdk\thread\release\link.8204.read.1.tlog
f:\my desktop\fyc_sdk\thread\release\link.8204.write.1.tlog
f:\my desktop\fyc_sdk\thread\release\link.command.1.tlog
f:\my desktop\fyc_sdk\thread\release\link.read.1.tlog
f:\my desktop\fyc_sdk\thread\release\link.write.1.tlog
f:\my desktop\fyc_sdk\thread\release\rc.command.1.tlog
f:\my desktop\fyc_sdk\thread\release\rc.read.1.tlog
f:\my desktop\fyc_sdk\thread\release\rc.write.1.tlog
f:\my desktop\fyc_sdk\thread\release\thread.write.1.tlog
