生成启动时间为 2017/6/12 0:16:56。
     1>项目“F:\my desktop\FYC_SDK\Thread\Thread.vcxproj”在节点 2 上(Build 个目标)。
     1>ClCompile:
         C:\Program Files (x86)\Microsoft Visual Studio 7.1\Vc7\bin\CL.exe /c /nologo /W3 /WX- /O2 /Oi /Oy- /D WIN32 /D _WINDOWS /D NDEBUG /D _AFXEXT /D THREAD_DLL /D _UNICODE /D _WINDLL /D _UNICODE /D UNICODE /D _AFXDLL /EHsc /MD /GS /Gy /Zc:wchar_t /Yc"StdAfx.h" /Fp"Release\Thread.pch" /Fo"Release\\" /Gd /TP Stdafx.cpp ThreadPool.cpp
         Stdafx.cpp
         ThreadPool.cpp
       ResourceCompile:
         C:\Program Files (x86)\Microsoft Visual Studio 7.1\Vc7\bin\rc.exe /D _UNICODE /D UNICODE /D _AFXDLL /l"0x0409" /fo"Release\Thread.res" Thread.rc 
     1>C:\Program Files (x86)\MSBuild\Microsoft.Cpp\v4.0\Microsoft.CppBuild.targets(990,5): warning MSB8012: TargetPath(F:\my desktop\FYC_SDK\SDKSLN\Release\Thread.dll) 与 Linker 的 OutputFile 属性值(F:\my desktop\FYC_SDK\运行\Release\Unicode\Thread.dll)不匹配。这可能导致项目生成不正确。若要更正此问题，请确保 $(OutDir)、$(TargetName) 和 $(TargetExt) 属性值与 %(Link.OutputFile) 中指定的值匹配。
       Link:
         C:\Program Files (x86)\Microsoft Visual Studio 7.1\Vc7\bin\link.exe /OUT:"../运行/Release/Unicode/Thread.dll" /NOLOGO /DEF:"./Thread.def" /DEBUG /PDB:"F:\my desktop\FYC_SDK\SDKSLN\Release\Thread.pdb" /OPT:REF /OPT:ICF /TLBID:1 /IMPLIB:"../库文件/Unicode/Thread.lib" /MACHINE:X86 /DLL Release\Thread.res
         Release\Stdafx.obj
         Release\ThreadPool.obj
            正在创建库 ../库文件/Unicode/Thread.lib 和对象 ../库文件/Unicode/Thread.exp
     1>LINK : warning LNK4089: /OPT:REF 已丢弃所有对“OLEAUT32.dll”的引用
     1>LINK : warning LNK4089: /OPT:REF 已丢弃所有对“USER32.dll”的引用
         Thread.vcxproj -> F:\my desktop\FYC_SDK\SDKSLN\Release\Thread.dll
       PostBuildEvent:
         mkdir ..\发布\Release\Unicode\
         copy /y ..\运行\Release\Unicode\Thread.dll ..\发布\Release\Unicode\Thread.dll
         
         :VCEnd
         子目录或文件 ..\发布\Release\Unicode\ 已经存在。
         已复制         1 个文件。
     1>已完成生成项目“F:\my desktop\FYC_SDK\Thread\Thread.vcxproj”(Build 个目标)的操作。

生成成功。

已用时间 00:00:02.51
